SF:c:\Users\kryszm02\Downloads\ShopfloorWPF\Shopfloor\System.Text.RegularExpressions.Generator\System.Text.RegularExpressions.Generator.RegexGenerator\RegexGenerator.g.cs
FN:60,System.Void System.Text.RegularExpressions.Generated.<RegexGenerator_g>F74B1AE921BCEFE4BA601AA541C7A23B1CA9711EA81E8FE504B5B6446748E035A__PunctuationMathCurrencyWhitespaceDigit_0::.ctor()
FNDA:1,System.Void System.Text.RegularExpressions.Generated.<RegexGenerator_g>F74B1AE921BCEFE4BA601AA541C7A23B1CA9711EA81E8FE504B5B6446748E035A__PunctuationMathCurrencyWhitespaceDigit_0::.ctor()
DA:61,1
DA:62,1
DA:63,1
DA:64,1
DA:65,1
DA:66,1
DA:67,1
DA:68,1
DA:69,1
FN:57,System.Void System.Text.RegularExpressions.Generated.<RegexGenerator_g>F74B1AE921BCEFE4BA601AA541C7A23B1CA9711EA81E8FE504B5B6446748E035A__PunctuationMathCurrencyWhitespaceDigit_0::.cctor()
FNDA:1,System.Void System.Text.RegularExpressions.Generated.<RegexGenerator_g>F74B1AE921BCEFE4BA601AA541C7A23B1CA9711EA81E8FE504B5B6446748E035A__PunctuationMathCurrencyWhitespaceDigit_0::.cctor()
DA:58,1
FN:74,System.Text.RegularExpressions.RegexRunner System.Text.RegularExpressions.Generated.<RegexGenerator_g>F74B1AE921BCEFE4BA601AA541C7A23B1CA9711EA81E8FE504B5B6446748E035A__PunctuationMathCurrencyWhitespaceDigit_0/RunnerFactory::CreateInstance()
FNDA:1,System.Text.RegularExpressions.RegexRunner System.Text.RegularExpressions.Generated.<RegexGenerator_g>F74B1AE921BCEFE4BA601AA541C7A23B1CA9711EA81E8FE504B5B6446748E035A__PunctuationMathCurrencyWhitespaceDigit_0/RunnerFactory::CreateInstance()
DA:75,1
FN:82,System.Void System.Text.RegularExpressions.Generated.<RegexGenerator_g>F74B1AE921BCEFE4BA601AA541C7A23B1CA9711EA81E8FE504B5B6446748E035A__PunctuationMathCurrencyWhitespaceDigit_0/RunnerFactory/Runner::Scan(System.ReadOnlySpan`1<System.Char>)
FNDA:10,System.Void System.Text.RegularExpressions.Generated.<RegexGenerator_g>F74B1AE921BCEFE4BA601AA541C7A23B1CA9711EA81E8FE504B5B6446748E035A__PunctuationMathCurrencyWhitespaceDigit_0/RunnerFactory/Runner::Scan(System.ReadOnlySpan`1<System.Char>)
DA:83,10
DA:84,10
DA:85,3
DA:87,3
DA:88,3
DA:89,3
DA:90,3
DA:91,10
BRDA:84,10,0,3
BRDA:84,10,1,10
FN:96,System.Boolean System.Text.RegularExpressions.Generated.<RegexGenerator_g>F74B1AE921BCEFE4BA601AA541C7A23B1CA9711EA81E8FE504B5B6446748E035A__PunctuationMathCurrencyWhitespaceDigit_0/RunnerFactory/Runner::TryFindNextPossibleStartingPosition(System.ReadOnlySpan`1<System.Char>)
FNDA:10,System.Boolean System.Text.RegularExpressions.Generated.<RegexGenerator_g>F74B1AE921BCEFE4BA601AA541C7A23B1CA9711EA81E8FE504B5B6446748E035A__PunctuationMathCurrencyWhitespaceDigit_0/RunnerFactory/Runner::TryFindNextPossibleStartingPosition(System.ReadOnlySpan`1<System.Char>)
DA:97,10
DA:98,10
DA:101,10
DA:102,9
DA:105,9
DA:106,9
DA:107,3
DA:108,3
DA:109,3
DA:111,6
DA:114,7
DA:115,7
DA:116,10
BRDA:101,20,0,9
BRDA:106,46,0,3
BRDA:106,46,1,6
BRDA:101,20,1,7
FN:129,System.Void System.Text.RegularExpressions.Generated.<RegexGenerator_g>F74B1AE921BCEFE4BA601AA541C7A23B1CA9711EA81E8FE504B5B6446748E035A__WhitespaceNonWord_1::.ctor()
FNDA:0,System.Void System.Text.RegularExpressions.Generated.<RegexGenerator_g>F74B1AE921BCEFE4BA601AA541C7A23B1CA9711EA81E8FE504B5B6446748E035A__WhitespaceNonWord_1::.ctor()
DA:130,0
DA:131,0
DA:132,0
DA:133,0
DA:134,0
DA:135,0
DA:136,0
DA:137,0
DA:138,0
FN:126,System.Void System.Text.RegularExpressions.Generated.<RegexGenerator_g>F74B1AE921BCEFE4BA601AA541C7A23B1CA9711EA81E8FE504B5B6446748E035A__WhitespaceNonWord_1::.cctor()
FNDA:0,System.Void System.Text.RegularExpressions.Generated.<RegexGenerator_g>F74B1AE921BCEFE4BA601AA541C7A23B1CA9711EA81E8FE504B5B6446748E035A__WhitespaceNonWord_1::.cctor()
DA:127,0
FN:143,System.Text.RegularExpressions.RegexRunner System.Text.RegularExpressions.Generated.<RegexGenerator_g>F74B1AE921BCEFE4BA601AA541C7A23B1CA9711EA81E8FE504B5B6446748E035A__WhitespaceNonWord_1/RunnerFactory::CreateInstance()
FNDA:0,System.Text.RegularExpressions.RegexRunner System.Text.RegularExpressions.Generated.<RegexGenerator_g>F74B1AE921BCEFE4BA601AA541C7A23B1CA9711EA81E8FE504B5B6446748E035A__WhitespaceNonWord_1/RunnerFactory::CreateInstance()
DA:144,0
FN:151,System.Void System.Text.RegularExpressions.Generated.<RegexGenerator_g>F74B1AE921BCEFE4BA601AA541C7A23B1CA9711EA81E8FE504B5B6446748E035A__WhitespaceNonWord_1/RunnerFactory/Runner::Scan(System.ReadOnlySpan`1<System.Char>)
FNDA:0,System.Void System.Text.RegularExpressions.Generated.<RegexGenerator_g>F74B1AE921BCEFE4BA601AA541C7A23B1CA9711EA81E8FE504B5B6446748E035A__WhitespaceNonWord_1/RunnerFactory/Runner::Scan(System.ReadOnlySpan`1<System.Char>)
DA:152,0
DA:153,0
DA:154,0
DA:156,0
DA:157,0
DA:158,0
DA:159,0
DA:160,0
BRDA:153,10,0,0
BRDA:153,10,1,0
FN:165,System.Boolean System.Text.RegularExpressions.Generated.<RegexGenerator_g>F74B1AE921BCEFE4BA601AA541C7A23B1CA9711EA81E8FE504B5B6446748E035A__WhitespaceNonWord_1/RunnerFactory/Runner::TryFindNextPossibleStartingPosition(System.ReadOnlySpan`1<System.Char>)
FNDA:0,System.Boolean System.Text.RegularExpressions.Generated.<RegexGenerator_g>F74B1AE921BCEFE4BA601AA541C7A23B1CA9711EA81E8FE504B5B6446748E035A__WhitespaceNonWord_1/RunnerFactory/Runner::TryFindNextPossibleStartingPosition(System.ReadOnlySpan`1<System.Char>)
DA:166,0
DA:167,0
DA:170,0
DA:171,0
DA:174,0
DA:175,0
DA:176,0
DA:177,0
DA:178,0
DA:180,0
DA:183,0
DA:184,0
DA:185,0
BRDA:170,20,0,0
BRDA:175,46,0,0
BRDA:175,46,1,0
BRDA:170,20,1,0
FN:203,System.Int32 System.Text.RegularExpressions.Generated.<RegexGenerator_g>F74B1AE921BCEFE4BA601AA541C7A23B1CA9711EA81E8FE504B5B6446748E035A__Utilities::IndexOfNonAsciiOrAny_35828FB59971FC11D83E48115FFEC47D971F0CA158E605210536E791A01FA283(System.ReadOnlySpan`1<System.Char>)
FNDA:0,System.Int32 System.Text.RegularExpressions.Generated.<RegexGenerator_g>F74B1AE921BCEFE4BA601AA541C7A23B1CA9711EA81E8FE504B5B6446748E035A__Utilities::IndexOfNonAsciiOrAny_35828FB59971FC11D83E48115FFEC47D971F0CA158E605210536E791A01FA283(System.ReadOnlySpan`1<System.Char>)
DA:204,0
DA:205,0
DA:206,0
DA:207,0
DA:208,0
DA:209,0
DA:210,0
DA:215,0
DA:216,0
DA:217,0
DA:218,0
DA:220,0
DA:221,0
DA:222,0
DA:223,0
DA:225,0
DA:226,0
BRDA:206,25,0,0
BRDA:208,44,0,0
BRDA:208,44,1,0
BRDA:222,141,1,0
BRDA:216,69,0,0
BRDA:216,69,1,0
BRDA:216,114,0,0
BRDA:216,114,1,0
BRDA:222,141,0,0
BRDA:206,25,1,0
FN:230,System.Int32 System.Text.RegularExpressions.Generated.<RegexGenerator_g>F74B1AE921BCEFE4BA601AA541C7A23B1CA9711EA81E8FE504B5B6446748E035A__Utilities::IndexOfNonAsciiOrAny_9F5DD42951E2E6A2031F4564043BE21290A41D444B9AF9B1A88FFEF9F959E058(System.ReadOnlySpan`1<System.Char>)
FNDA:9,System.Int32 System.Text.RegularExpressions.Generated.<RegexGenerator_g>F74B1AE921BCEFE4BA601AA541C7A23B1CA9711EA81E8FE504B5B6446748E035A__Utilities::IndexOfNonAsciiOrAny_9F5DD42951E2E6A2031F4564043BE21290A41D444B9AF9B1A88FFEF9F959E058(System.ReadOnlySpan`1<System.Char>)
DA:231,9
DA:232,9
DA:233,9
DA:234,3
DA:235,3
DA:236,3
DA:237,3
DA:242,0
DA:243,0
DA:244,0
DA:245,0
DA:247,0
DA:248,0
DA:249,0
DA:250,0
DA:252,6
DA:253,9
BRDA:233,25,0,3
BRDA:235,44,0,3
BRDA:235,44,1,0
BRDA:249,141,1,0
BRDA:243,69,0,0
BRDA:243,69,1,0
BRDA:243,114,0,0
BRDA:243,114,1,0
BRDA:249,141,0,0
BRDA:233,25,1,6
FN:195,System.Void System.Text.RegularExpressions.Generated.<RegexGenerator_g>F74B1AE921BCEFE4BA601AA541C7A23B1CA9711EA81E8FE504B5B6446748E035A__Utilities::.cctor()
FNDA:1,System.Void System.Text.RegularExpressions.Generated.<RegexGenerator_g>F74B1AE921BCEFE4BA601AA541C7A23B1CA9711EA81E8FE504B5B6446748E035A__Utilities::.cctor()
DA:196,1
DA:199,1
DA:256,1
DA:259,1
BRDA:196,17,0,0
BRDA:196,17,1,1
FN:19,System.Text.RegularExpressions.Regex Shopfloor.Models.UserModel.UserValidation::PunctuationMathCurrencyWhitespaceDigit()
FNDA:10,System.Text.RegularExpressions.Regex Shopfloor.Models.UserModel.UserValidation::PunctuationMathCurrencyWhitespaceDigit()
DA:20,10
FN:36,System.Text.RegularExpressions.Regex Shopfloor.Models.UserModel.UserValidation::WhitespaceNonWord()
FNDA:0,System.Text.RegularExpressions.Regex Shopfloor.Models.UserModel.UserValidation::WhitespaceNonWord()
DA:37,0
LF:104
LH:46
BRF:34
BRH:10
FNF:15
FNH:8
end_of_record
SF:c:\Users\kryszm02\Downloads\ShopfloorWPF\Shopfloor\obj\Debug\net8.0-windows10.0.17763.0\GeneratedInternalTypeHelper.g.cs
FN:23,System.Object XamlGeneratedNamespace.GeneratedInternalTypeHelper::CreateInstance(System.Type,System.Globalization.CultureInfo)
FNDA:0,System.Object XamlGeneratedNamespace.GeneratedInternalTypeHelper::CreateInstance(System.Type,System.Globalization.CultureInfo)
DA:24,0
DA:25,0
DA:26,0
DA:27,0
FN:31,System.Object XamlGeneratedNamespace.GeneratedInternalTypeHelper::GetPropertyValue(System.Reflection.PropertyInfo,System.Object,System.Globalization.CultureInfo)
FNDA:0,System.Object XamlGeneratedNamespace.GeneratedInternalTypeHelper::GetPropertyValue(System.Reflection.PropertyInfo,System.Object,System.Globalization.CultureInfo)
DA:32,0
DA:33,0
DA:34,0
FN:38,System.Void XamlGeneratedNamespace.GeneratedInternalTypeHelper::SetPropertyValue(System.Reflection.PropertyInfo,System.Object,System.Object,System.Globalization.CultureInfo)
FNDA:0,System.Void XamlGeneratedNamespace.GeneratedInternalTypeHelper::SetPropertyValue(System.Reflection.PropertyInfo,System.Object,System.Object,System.Globalization.CultureInfo)
DA:39,0
DA:40,0
DA:41,0
FN:45,System.Delegate XamlGeneratedNamespace.GeneratedInternalTypeHelper::CreateDelegate(System.Type,System.Object,System.String)
FNDA:0,System.Delegate XamlGeneratedNamespace.GeneratedInternalTypeHelper::CreateDelegate(System.Type,System.Object,System.String)
DA:46,0
DA:47,0
DA:48,0
DA:49,0
DA:50,0
DA:51,0
FN:55,System.Void XamlGeneratedNamespace.GeneratedInternalTypeHelper::AddEventHandler(System.Reflection.EventInfo,System.Object,System.Delegate)
FNDA:0,System.Void XamlGeneratedNamespace.GeneratedInternalTypeHelper::AddEventHandler(System.Reflection.EventInfo,System.Object,System.Delegate)
DA:56,0
DA:57,0
DA:58,0
LF:19
LH:0
BRF:0
BRH:0
FNF:5
FNH:0
end_of_record
SF:c:\Users\kryszm02\Downloads\ShopfloorWPF\Shopfloor\App.xaml.cs
FN:38,System.Void Shopfloor.App::AutoLogin(Shopfloor.Stores.ICurrentUserStore)
FNDA:0,System.Void Shopfloor.App::AutoLogin(Shopfloor.Stores.ICurrentUserStore)
DA:39,0
DA:40,0
DA:41,0
DA:42,0
FN:43,System.Void Shopfloor.App::DashboardNavigate(Shopfloor.Stores.ICurrentUserStore,Shopfloor.Services.NavigationServices.NavigationService)
FNDA:0,System.Void Shopfloor.App::DashboardNavigate(Shopfloor.Stores.ICurrentUserStore,Shopfloor.Services.NavigationServices.NavigationService)
DA:44,0
DA:45,0
DA:46,0
DA:47,0
DA:48,0
DA:50,0
DA:51,0
DA:52,0
DA:53,0
DA:55,0
DA:56,0
DA:57,0
DA:58,0
DA:60,0
DA:61,0
BRDA:45,12,0,0
BRDA:45,12,1,0
BRDA:50,42,0,0
BRDA:50,42,1,0
BRDA:55,72,0,0
BRDA:55,72,1,0
FN:62,System.Void Shopfloor.App::DatabaseInit(Shopfloor.Database.DatabaseConnectionFactory,Shopfloor.Database.Configuration.DatabaseConfiguration)
FNDA:0,System.Void Shopfloor.App::DatabaseInit(Shopfloor.Database.DatabaseConnectionFactory,Shopfloor.Database.Configuration.DatabaseConfiguration)
DA:63,0
DA:64,0
DA:65,0
DA:66,0
DA:67,0
DA:68,0
FN:69,System.Void Shopfloor.App::ApplicationStart(System.Object,System.Windows.StartupEventArgs)
FNDA:0,System.Void Shopfloor.App::ApplicationStart(System.Object,System.Windows.StartupEventArgs)
DA:70,0
DA:71,0
DA:72,0
DA:73,0
DA:75,0
DA:76,0
DA:78,0
DA:79,0
DA:80,0
DA:81,0
DA:82,0
DA:84,0
DA:85,0
DA:86,0
FN:27,System.Void Shopfloor.App::.ctor()
FNDA:0,System.Void Shopfloor.App::.ctor()
DA:28,0
DA:29,0
DA:30,0
DA:31,0
DA:33,0
DA:35,0
DA:36,0
DA:37,0
LF:47
LH:0
BRF:6
BRH:0
FNF:5
FNH:0
end_of_record
SF:c:\Users\kryszm02\Downloads\ShopfloorWPF\Shopfloor\obj\Debug\net8.0-windows10.0.17763.0\App.g.cs
FN:49,System.Void Shopfloor.App::InitializeComponent()
FNDA:0,System.Void Shopfloor.App::InitializeComponent()
DA:50,0
DA:51,0
DA:52,0
DA:54,0
BRDA:51,9,0,0
BRDA:51,9,1,0
LF:4
LH:0
BRF:2
BRH:0
FNF:1
FNH:0
end_of_record
SF:c:\Users\kryszm02\Downloads\ShopfloorWPF\Shopfloor\App.xaml
FN:0,System.Void Shopfloor.App::InitializeComponent()
FNDA:0,System.Void Shopfloor.App::InitializeComponent()
DA:1,0
DA:5,0
LF:2
LH:0
BRF:0
BRH:0
FNF:1
FNH:0
end_of_record
SF:c:\Users\kryszm02\Downloads\ShopfloorWPF\Shopfloor\Utilities\ConstantVariablesCounter.cs
FN:8,System.Int32 Shopfloor.Utilities.ConstantVariablesCounter::CountConstantVariablesOfClass()
FNDA:2,System.Int32 Shopfloor.Utilities.ConstantVariablesCounter::CountConstantVariablesOfClass()
DA:9,2
DA:10,2
DA:11,2
DA:13,2
DA:15,52
DA:16,23
DA:17,23
DA:18,23
DA:19,23
DA:20,23
DA:21,23
DA:22,2
DA:23,2
BRDA:15,84,1,23
BRDA:17,45,0,23
BRDA:17,45,1,0
BRDA:17,64,0,23
BRDA:17,64,1,23
BRDA:15,84,0,2
LF:13
LH:13
BRF:6
BRH:5
FNF:1
FNH:1
end_of_record
SF:c:\Users\kryszm02\Downloads\ShopfloorWPF\Shopfloor\Utilities\DataGridWidthRefresh.cs
FN:8,System.Void Shopfloor.Utilities.DataGridWidthRefresh::RefreshWidth(System.Object,System.Windows.Data.DataTransferEventArgs,System.Int32)
FNDA:0,System.Void Shopfloor.Utilities.DataGridWidthRefresh::RefreshWidth(System.Object,System.Windows.Data.DataTransferEventArgs,System.Int32)
DA:9,0
DA:10,0
DA:11,0
DA:12,0
DA:15,0
DA:16,0
DA:17,0
DA:18,0
DA:19,0
BRDA:10,15,0,0
BRDA:10,15,1,0
LF:9
LH:0
BRF:2
BRH:0
FNF:1
FNH:0
end_of_record
SF:c:\Users\kryszm02\Downloads\ShopfloorWPF\Shopfloor\Utilities\RemovePolishCharacters.cs
FN:5,System.String Shopfloor.Utilities.RemovePolishCharacters::Remove(System.String)
FNDA:8,System.String Shopfloor.Utilities.RemovePolishCharacters::Remove(System.String)
DA:6,8
DA:7,8
DA:8,8
DA:10,304
DA:11,144
DA:12,144
DA:13,144
DA:14,8
DA:15,8
BRDA:10,56,1,144
BRDA:10,56,0,8
LF:9
LH:9
BRF:2
BRH:2
FNF:1
FNH:1
end_of_record
SF:c:\Users\kryszm02\Downloads\ShopfloorWPF\Shopfloor\Utilities\CustomList\SearchableModelList.cs
FN:24,System.Int32 Shopfloor.Utilities.CustomList.SearchableModelList::get_CurrentPage()
FNDA:50,System.Int32 Shopfloor.Utilities.CustomList.SearchableModelList::get_CurrentPage()
DA:25,50
FN:26,System.Void Shopfloor.Utilities.CustomList.SearchableModelList::set_CurrentPage(System.Int32)
FNDA:24,System.Void Shopfloor.Utilities.CustomList.SearchableModelList::set_CurrentPage(System.Int32)
DA:27,24
DA:28,24
DA:29,24
DA:30,24
FN:31,System.String Shopfloor.Utilities.CustomList.SearchableModelList::get_CurrentPageText()
FNDA:3,System.String Shopfloor.Utilities.CustomList.SearchableModelList::get_CurrentPageText()
DA:32,3
FN:32,System.Collections.Generic.IEnumerable`1<Shopfloor.Interfaces.ISearchableModel> Shopfloor.Utilities.CustomList.SearchableModelList::get_Data()
FNDA:35,System.Collections.Generic.IEnumerable`1<Shopfloor.Interfaces.ISearchableModel> Shopfloor.Utilities.CustomList.SearchableModelList::get_Data()
DA:33,35
FN:33,System.Collections.Generic.List`1<Shopfloor.Interfaces.ISearchableModel> Shopfloor.Utilities.CustomList.SearchableModelList::get_DataDisplay()
FNDA:5,System.Collections.Generic.List`1<Shopfloor.Interfaces.ISearchableModel> Shopfloor.Utilities.CustomList.SearchableModelList::get_DataDisplay()
DA:34,5
FN:36,System.String Shopfloor.Utilities.CustomList.SearchableModelList::get_FilterText()
FNDA:0,System.String Shopfloor.Utilities.CustomList.SearchableModelList::get_FilterText()
DA:37,0
FN:38,System.Void Shopfloor.Utilities.CustomList.SearchableModelList::set_FilterText(System.String)
FNDA:4,System.Void Shopfloor.Utilities.CustomList.SearchableModelList::set_FilterText(System.String)
DA:39,4
DA:40,4
DA:41,4
DA:42,4
FN:44,System.Void Shopfloor.Utilities.CustomList.SearchableModelList::PageFirst()
FNDA:2,System.Void Shopfloor.Utilities.CustomList.SearchableModelList::PageFirst()
DA:45,2
DA:46,2
DA:47,2
DA:48,2
FN:49,System.Void Shopfloor.Utilities.CustomList.SearchableModelList::PageLast()
FNDA:2,System.Void Shopfloor.Utilities.CustomList.SearchableModelList::PageLast()
DA:50,2
DA:51,2
DA:52,2
DA:53,2
FN:54,System.Void Shopfloor.Utilities.CustomList.SearchableModelList::PageNext()
FNDA:13,System.Void Shopfloor.Utilities.CustomList.SearchableModelList::PageNext()
DA:55,13
DA:56,13
DA:57,13
DA:58,6
DA:59,6
DA:60,6
DA:61,6
DA:62,13
BRDA:57,36,0,6
BRDA:57,36,1,13
FN:63,System.Void Shopfloor.Utilities.CustomList.SearchableModelList::PagePrev()
FNDA:4,System.Void Shopfloor.Utilities.CustomList.SearchableModelList::PagePrev()
DA:64,4
DA:65,4
DA:66,2
DA:67,2
DA:68,2
DA:69,2
DA:70,4
BRDA:65,12,0,2
BRDA:65,12,1,4
FN:71,System.Void Shopfloor.Utilities.CustomList.SearchableModelList::PageSet(System.Int32)
FNDA:14,System.Void Shopfloor.Utilities.CustomList.SearchableModelList::PageSet(System.Int32)
DA:72,14
DA:73,14
DA:74,2
DA:75,2
DA:78,12
DA:79,12
DA:80,14
BRDA:73,7,0,2
BRDA:73,7,1,12
BRDA:78,20,0,10
BRDA:78,20,1,2
FN:101,System.Int32 Shopfloor.Utilities.CustomList.SearchableModelList::MaxPage()
FNDA:48,System.Int32 Shopfloor.Utilities.CustomList.SearchableModelList::MaxPage()
DA:102,48
DA:103,48
DA:104,48
DA:105,48
FN:106,System.Threading.Tasks.Task Shopfloor.Utilities.CustomList.SearchableModelList::PageChanged()
FNDA:29,System.Threading.Tasks.Task Shopfloor.Utilities.CustomList.SearchableModelList::PageChanged()
DA:107,29
DA:108,29
DA:109,29
DA:110,0
DA:111,0
DA:112,0
DA:114,29
DA:116,29
DA:118,29
DA:119,29
DA:120,29
DA:122,29
DA:123,29
BRDA:109,19,0,0
BRDA:109,19,1,29
FN:128,System.Void Shopfloor.Utilities.CustomList.SearchableModelList::OnPropertyChanged(System.String)
FNDA:111,System.Void Shopfloor.Utilities.CustomList.SearchableModelList::OnPropertyChanged(System.String)
DA:129,111
DA:130,111
DA:131,111
BRDA:130,8,0,111
BRDA:130,8,1,0
FN:12,System.Void Shopfloor.Utilities.CustomList.SearchableModelList::.ctor(System.Collections.Generic.IEnumerable`1<Shopfloor.Interfaces.ISearchableModel>,System.Int32)
FNDA:30,System.Void Shopfloor.Utilities.CustomList.SearchableModelList::.ctor(System.Collections.Generic.IEnumerable`1<Shopfloor.Interfaces.ISearchableModel>,System.Int32)
DA:13,30
DA:14,30
DA:16,30
DA:17,30
DA:18,30
DA:19,30
DA:20,30
DA:21,30
DA:22,30
FN:96,System.Boolean Shopfloor.Utilities.CustomList.SearchableModelList/<>c__DisplayClass26_0::<FilterList>b__0(Shopfloor.Interfaces.ISearchableModel)
FNDA:15,System.Boolean Shopfloor.Utilities.CustomList.SearchableModelList/<>c__DisplayClass26_0::<FilterList>b__0(Shopfloor.Interfaces.ISearchableModel)
DA:97,15
FN:86,System.Void Shopfloor.Utilities.CustomList.SearchableModelList/<FilterList>d__26::MoveNext()
FNDA:5,System.Void Shopfloor.Utilities.CustomList.SearchableModelList/<FilterList>d__26::MoveNext()
DA:87,5
DA:88,5
DA:89,2
DA:90,2
DA:91,2
DA:92,2
DA:95,3
DA:96,3
DA:98,3
DA:99,3
DA:100,5
BRDA:88,58,0,2
BRDA:88,58,1,3
FN:81,System.Void Shopfloor.Utilities.CustomList.SearchableModelList/<ReloadSourceData>d__25::MoveNext()
FNDA:1,System.Void Shopfloor.Utilities.CustomList.SearchableModelList/<ReloadSourceData>d__25::MoveNext()
DA:82,1
DA:83,1
DA:84,1
DA:85,1
LF:88
LH:84
BRF:14
BRH:12
FNF:19
FNH:18
end_of_record
SF:c:\Users\kryszm02\Downloads\ShopfloorWPF\Shopfloor\Utilities\CustomList\CustomListCommands\NextPageCommand.cs
FN:12,System.Void Shopfloor.Utilities.CustomList.CustomListCommands.NextPageCommand::Execute(System.Object)
FNDA:4,System.Void Shopfloor.Utilities.CustomList.CustomListCommands.NextPageCommand::Execute(System.Object)
DA:13,4
DA:14,4
DA:15,4
FN:7,System.Void Shopfloor.Utilities.CustomList.CustomListCommands.NextPageCommand::.ctor(Shopfloor.Utilities.CustomList.SearchableModelList)
FNDA:4,System.Void Shopfloor.Utilities.CustomList.CustomListCommands.NextPageCommand::.ctor(Shopfloor.Utilities.CustomList.SearchableModelList)
DA:8,4
DA:9,4
DA:10,4
DA:11,4
LF:7
LH:7
BRF:0
BRH:0
FNF:2
FNH:2
end_of_record
SF:c:\Users\kryszm02\Downloads\ShopfloorWPF\Shopfloor\Utilities\CustomList\CustomListCommands\PreviousPageCommand.cs
FN:12,System.Void Shopfloor.Utilities.CustomList.CustomListCommands.PreviousPageCommand::Execute(System.Object)
FNDA:2,System.Void Shopfloor.Utilities.CustomList.CustomListCommands.PreviousPageCommand::Execute(System.Object)
DA:13,2
DA:14,2
DA:15,2
FN:7,System.Void Shopfloor.Utilities.CustomList.CustomListCommands.PreviousPageCommand::.ctor(Shopfloor.Utilities.CustomList.SearchableModelList)
FNDA:2,System.Void Shopfloor.Utilities.CustomList.CustomListCommands.PreviousPageCommand::.ctor(Shopfloor.Utilities.CustomList.SearchableModelList)
DA:8,2
DA:9,2
DA:10,2
DA:11,2
LF:7
LH:7
BRF:0
BRH:0
FNF:2
FNH:2
end_of_record
SF:c:\Users\kryszm02\Downloads\ShopfloorWPF\Shopfloor\Themes\Controls\SearchBox\SearchBox.xaml
FN:0,System.Void Shopfloor.Themes.Controls.SearchBox.SearchBox::InitializeComponent()
FNDA:0,System.Void Shopfloor.Themes.Controls.SearchBox.SearchBox::InitializeComponent()
DA:1,0
BRDA:1,9,0,0
BRDA:1,9,1,0
LF:1
LH:0
BRF:2
BRH:0
FNF:1
FNH:0
end_of_record
SF:c:\Users\kryszm02\Downloads\ShopfloorWPF\Shopfloor\Themes\Controls\SearchBox\SearchBox.xaml.cs
FN:6,System.Void Shopfloor.Themes.Controls.SearchBox.SearchBox::.ctor()
FNDA:0,System.Void Shopfloor.Themes.Controls.SearchBox.SearchBox::.ctor()
DA:7,0
DA:8,0
DA:9,0
DA:10,0
LF:4
LH:0
BRF:0
BRH:0
FNF:1
FNH:0
end_of_record
SF:c:\Users\kryszm02\Downloads\ShopfloorWPF\Shopfloor\Themes\Controls\PlaceholderTextBox\PlaceholderTextBoxControl.cs
FN:13,System.String Shopfloor.Controls.PlaceholderTextBox.PlaceholderTextBoxControl::get_Placeholder()
FNDA:0,System.String Shopfloor.Controls.PlaceholderTextBox.PlaceholderTextBoxControl::get_Placeholder()
DA:14,0
FN:14,System.Void Shopfloor.Controls.PlaceholderTextBox.PlaceholderTextBoxControl::set_Placeholder(System.String)
FNDA:0,System.Void Shopfloor.Controls.PlaceholderTextBox.PlaceholderTextBoxControl::set_Placeholder(System.String)
DA:15,0
FN:21,System.Windows.Media.SolidColorBrush Shopfloor.Controls.PlaceholderTextBox.PlaceholderTextBoxControl::get_PlaceholderColor()
FNDA:0,System.Windows.Media.SolidColorBrush Shopfloor.Controls.PlaceholderTextBox.PlaceholderTextBoxControl::get_PlaceholderColor()
DA:22,0
FN:22,System.Void Shopfloor.Controls.PlaceholderTextBox.PlaceholderTextBoxControl::set_PlaceholderColor(System.Windows.Media.SolidColorBrush)
FNDA:0,System.Void Shopfloor.Controls.PlaceholderTextBox.PlaceholderTextBoxControl::set_PlaceholderColor(System.Windows.Media.SolidColorBrush)
DA:23,0
FN:31,System.Boolean Shopfloor.Controls.PlaceholderTextBox.PlaceholderTextBoxControl::get_IsEmpty()
FNDA:0,System.Boolean Shopfloor.Controls.PlaceholderTextBox.PlaceholderTextBoxControl::get_IsEmpty()
DA:32,0
FN:32,System.Void Shopfloor.Controls.PlaceholderTextBox.PlaceholderTextBoxControl::set_IsEmpty(System.Boolean)
FNDA:0,System.Void Shopfloor.Controls.PlaceholderTextBox.PlaceholderTextBoxControl::set_IsEmpty(System.Boolean)
DA:33,0
FN:39,System.Void Shopfloor.Controls.PlaceholderTextBox.PlaceholderTextBoxControl::OnInitialized(System.EventArgs)
FNDA:0,System.Void Shopfloor.Controls.PlaceholderTextBox.PlaceholderTextBoxControl::OnInitialized(System.EventArgs)
DA:40,0
DA:41,0
DA:42,0
DA:43,0
FN:44,System.Void Shopfloor.Controls.PlaceholderTextBox.PlaceholderTextBoxControl::OnTextChanged(System.Windows.Controls.TextChangedEventArgs)
FNDA:0,System.Void Shopfloor.Controls.PlaceholderTextBox.PlaceholderTextBoxControl::OnTextChanged(System.Windows.Controls.TextChangedEventArgs)
DA:45,0
DA:46,0
DA:47,0
DA:48,0
FN:49,System.Void Shopfloor.Controls.PlaceholderTextBox.PlaceholderTextBoxControl::UpdateIsEmpty()
FNDA:0,System.Void Shopfloor.Controls.PlaceholderTextBox.PlaceholderTextBoxControl::UpdateIsEmpty()
DA:50,0
DA:51,0
DA:52,0
FN:9,System.Void Shopfloor.Controls.PlaceholderTextBox.PlaceholderTextBoxControl::.cctor()
FNDA:0,System.Void Shopfloor.Controls.PlaceholderTextBox.PlaceholderTextBoxControl::.cctor()
DA:10,0
DA:11,0
DA:17,0
DA:18,0
DA:25,0
DA:26,0
DA:27,0
DA:29,0
DA:36,0
DA:37,0
DA:38,0
LF:28
LH:0
BRF:0
BRH:0
FNF:10
FNH:0
end_of_record
SF:c:\Users\kryszm02\Downloads\ShopfloorWPF\Shopfloor\Themes\Controls\PlaceholderTextBox\Converters\AddLeftPaddingConverter.cs
FN:10,System.Object Shopfloor.Controls.PlaceholderTextBox.Converters.AddLeftPaddingConverter::Convert(System.Object,System.Type,System.Object,System.Globalization.CultureInfo)
FNDA:0,System.Object Shopfloor.Controls.PlaceholderTextBox.Converters.AddLeftPaddingConverter::Convert(System.Object,System.Type,System.Object,System.Globalization.CultureInfo)
DA:11,0
DA:12,0
DA:13,0
DA:14,0
DA:17,0
DA:18,0
DA:19,0
DA:22,0
DA:23,0
DA:24,0
BRDA:12,7,0,0
BRDA:12,7,1,0
BRDA:12,25,0,0
BRDA:12,25,1,0
BRDA:17,52,0,0
BRDA:17,52,1,0
FN:26,System.Object Shopfloor.Controls.PlaceholderTextBox.Converters.AddLeftPaddingConverter::ConvertBack(System.Object,System.Type,System.Object,System.Globalization.CultureInfo)
FNDA:0,System.Object Shopfloor.Controls.PlaceholderTextBox.Converters.AddLeftPaddingConverter::ConvertBack(System.Object,System.Type,System.Object,System.Globalization.CultureInfo)
DA:27,0
DA:28,0
LF:12
LH:0
BRF:6
BRH:0
FNF:2
FNH:0
end_of_record
SF:c:\Users\kryszm02\Downloads\ShopfloorWPF\Shopfloor\Stores\CurrentUserStore.cs
FN:40,System.Boolean Shopfloor.Stores.CurrentUserStore::get_IsUserLoggedIn()
FNDA:3,System.Boolean Shopfloor.Stores.CurrentUserStore::get_IsUserLoggedIn()
DA:41,3
FN:41,Shopfloor.Models.UserModel.User Shopfloor.Stores.CurrentUserStore::get_User()
FNDA:18,Shopfloor.Models.UserModel.User Shopfloor.Stores.CurrentUserStore::get_User()
DA:42,18
FN:43,System.Void Shopfloor.Stores.CurrentUserStore::Login(System.String,System.Boolean)
FNDA:7,System.Void Shopfloor.Stores.CurrentUserStore::Login(System.String,System.Boolean)
DA:44,7
DA:45,7
DA:47,7
DA:48,1
DA:49,1
DA:50,1
DA:53,6
DA:55,6
DA:56,6
DA:57,7
BRDA:47,30,0,1
BRDA:47,30,1,6
FN:58,System.Void Shopfloor.Stores.CurrentUserStore::Logout()
FNDA:2,System.Void Shopfloor.Stores.CurrentUserStore::Logout()
DA:59,2
DA:60,2
DA:62,2
DA:63,2
DA:64,2
FN:65,System.String Shopfloor.Stores.CurrentUserStore::GetFailedText(System.Boolean)
FNDA:1,System.String Shopfloor.Stores.CurrentUserStore::GetFailedText(System.Boolean)
DA:66,1
DA:67,1
DA:68,0
DA:69,0
DA:72,1
DA:73,1
BRDA:67,4,0,0
BRDA:67,4,1,1
FN:73,System.Collections.Generic.IEnumerable`1<Shopfloor.Models.RoleModel.Role> Shopfloor.Stores.CurrentUserStore::GetRoles()
FNDA:6,System.Collections.Generic.IEnumerable`1<Shopfloor.Models.RoleModel.Role> Shopfloor.Stores.CurrentUserStore::GetRoles()
DA:74,6
FN:75,System.Collections.Generic.IEnumerable`1<Shopfloor.Models.RoleUserModel.RoleUser> Shopfloor.Stores.CurrentUserStore::GetRoleUsers()
FNDA:6,System.Collections.Generic.IEnumerable`1<Shopfloor.Models.RoleUserModel.RoleUser> Shopfloor.Stores.CurrentUserStore::GetRoleUsers()
DA:76,6
DA:77,6
DA:78,0
DA:79,0
DA:82,6
DA:83,5
DA:84,5
DA:87,1
DA:88,1
DA:89,6
BRDA:77,12,0,0
BRDA:77,12,1,6
BRDA:82,48,0,5
BRDA:82,48,1,1
FN:89,System.Void Shopfloor.Stores.CurrentUserStore::LoginSuccessNotification()
FNDA:6,System.Void Shopfloor.Stores.CurrentUserStore::LoginSuccessNotification()
DA:90,6
FN:91,System.Void Shopfloor.Stores.CurrentUserStore::SetUserRoles(Shopfloor.Models.UserModel.User)
FNDA:6,System.Void Shopfloor.Stores.CurrentUserStore::SetUserRoles(Shopfloor.Models.UserModel.User)
DA:92,6
DA:93,6
DA:94,0
DA:95,0
DA:98,6
DA:99,6
DA:101,20
DA:102,1
DA:103,2
DA:104,1
DA:105,0
DA:106,0
DA:109,1
DA:110,1
DA:111,6
BRDA:93,7,0,0
BRDA:93,7,1,6
BRDA:101,108,1,1
BRDA:104,87,0,0
BRDA:104,87,1,1
BRDA:101,108,0,6
FN:112,System.Void Shopfloor.Stores.CurrentUserStore::UserLoginStatusChanged()
FNDA:6,System.Void Shopfloor.Stores.CurrentUserStore::UserLoginStatusChanged()
DA:113,6
DA:114,6
DA:115,6
DA:116,6
FN:121,System.Boolean Shopfloor.Stores.CurrentUserStore::get_HasErrors()
FNDA:0,System.Boolean Shopfloor.Stores.CurrentUserStore::get_HasErrors()
DA:122,0
FN:122,System.Collections.IEnumerable Shopfloor.Stores.CurrentUserStore::GetErrors(System.String)
FNDA:0,System.Collections.IEnumerable Shopfloor.Stores.CurrentUserStore::GetErrors(System.String)
DA:123,0
BRDA:123,8,0,0
BRDA:123,8,1,0
BRDA:123,23,0,0
BRDA:123,23,1,0
FN:128,System.Void Shopfloor.Stores.CurrentUserStore::OnPropertyChanged(System.String)
FNDA:8,System.Void Shopfloor.Stores.CurrentUserStore::OnPropertyChanged(System.String)
DA:129,8
DA:130,8
DA:131,8
BRDA:130,8,0,8
BRDA:130,8,1,0
FN:26,System.Void Shopfloor.Stores.CurrentUserStore::.ctor(Shopfloor.Interfaces.IProvider`1<Shopfloor.Models.RoleModel.Role>,Shopfloor.Models.RoleUserModel.IRoleUserProvider,Shopfloor.Services.NotificationServices.INotifier,Shopfloor.Services.IAuthService)
FNDA:6,System.Void Shopfloor.Stores.CurrentUserStore::.ctor(Shopfloor.Interfaces.IProvider`1<Shopfloor.Models.RoleModel.Role>,Shopfloor.Models.RoleUserModel.IRoleUserProvider,Shopfloor.Services.NotificationServices.INotifier,Shopfloor.Services.IAuthService)
DA:27,6
DA:28,6
DA:29,6
DA:30,6
DA:31,6
DA:32,6
DA:33,6
DA:34,6
DA:35,6
DA:36,6
DA:37,6
DA:38,6
DA:39,6
DA:40,6
LF:73
LH:63
BRF:20
BRH:11
FNF:14
FNH:12
end_of_record
SF:c:\Users\kryszm02\Downloads\ShopfloorWPF\Shopfloor\Shared\ObservableObject.cs
FN:9,System.Void Shopfloor.Shared.ObservableObject::OnPropertyChanged(System.String)
FNDA:0,System.Void Shopfloor.Shared.ObservableObject::OnPropertyChanged(System.String)
DA:10,0
DA:11,0
DA:12,0
BRDA:11,8,0,0
BRDA:11,8,1,0
LF:3
LH:0
BRF:2
BRH:0
FNF:1
FNH:0
end_of_record
SF:c:\Users\kryszm02\Downloads\ShopfloorWPF\Shopfloor\Shared\ViewModels\ErrorsViewModel.cs
FN:13,System.Boolean Shopfloor.Shared.ViewModels.ErrorsViewModel::get_HasErrors()
FNDA:0,System.Boolean Shopfloor.Shared.ViewModels.ErrorsViewModel::get_HasErrors()
DA:14,0
FN:15,System.Void Shopfloor.Shared.ViewModels.ErrorsViewModel::AddError(System.String,System.String)
FNDA:0,System.Void Shopfloor.Shared.ViewModels.ErrorsViewModel::AddError(System.String,System.String)
DA:16,0
DA:17,0
DA:18,0
DA:19,0
DA:20,0
DA:22,0
DA:23,0
DA:24,0
BRDA:17,18,0,0
BRDA:17,18,1,0
FN:25,System.Void Shopfloor.Shared.ViewModels.ErrorsViewModel::ClearErrors(System.String)
FNDA:0,System.Void Shopfloor.Shared.ViewModels.ErrorsViewModel::ClearErrors(System.String)
DA:26,0
DA:27,0
DA:28,0
DA:29,0
DA:30,0
DA:31,0
BRDA:27,15,0,0
BRDA:27,15,1,0
FN:32,System.Collections.IEnumerable Shopfloor.Shared.ViewModels.ErrorsViewModel::GetErrors(System.String)
FNDA:0,System.Collections.IEnumerable Shopfloor.Shared.ViewModels.ErrorsViewModel::GetErrors(System.String)
DA:33,0
DA:34,0
DA:35,0
DA:36,0
DA:38,0
DA:39,0
BRDA:34,2,0,0
BRDA:34,2,1,0
BRDA:34,23,0,0
BRDA:34,23,1,0
BRDA:38,52,0,0
BRDA:38,52,1,0
FN:40,System.Void Shopfloor.Shared.ViewModels.ErrorsViewModel::OnErrorsChanged(System.String)
FNDA:0,System.Void Shopfloor.Shared.ViewModels.ErrorsViewModel::OnErrorsChanged(System.String)
DA:41,0
DA:42,0
DA:43,0
BRDA:42,8,0,0
BRDA:42,8,1,0
FN:10,System.Void Shopfloor.Shared.ViewModels.ErrorsViewModel::.ctor()
FNDA:0,System.Void Shopfloor.Shared.ViewModels.ErrorsViewModel::.ctor()
DA:11,0
LF:25
LH:0
BRF:12
BRH:0
FNF:6
FNH:0
end_of_record
SF:c:\Users\kryszm02\Downloads\ShopfloorWPF\Shopfloor\Shared\ViewModels\MainViewModel.cs
FN:16,Shopfloor.Shared.ViewModels.ViewModelBase Shopfloor.Shared.ViewModels.MainViewModel::get_CurrentModalViewModel()
FNDA:0,Shopfloor.Shared.ViewModels.ViewModelBase Shopfloor.Shared.ViewModels.MainViewModel::get_CurrentModalViewModel()
DA:17,0
FN:17,Shopfloor.Shared.ViewModels.ViewModelBase Shopfloor.Shared.ViewModels.MainViewModel::get_CurrentViewModel()
FNDA:0,Shopfloor.Shared.ViewModels.ViewModelBase Shopfloor.Shared.ViewModels.MainViewModel::get_CurrentViewModel()
DA:18,0
FN:18,System.Boolean Shopfloor.Shared.ViewModels.MainViewModel::get_IsOpen()
FNDA:0,System.Boolean Shopfloor.Shared.ViewModels.MainViewModel::get_IsOpen()
DA:19,0
FN:20,System.Void Shopfloor.Shared.ViewModels.MainViewModel::OnCurrentModalViewModelChanged()
FNDA:0,System.Void Shopfloor.Shared.ViewModels.MainViewModel::OnCurrentModalViewModelChanged()
DA:21,0
DA:22,0
DA:23,0
DA:24,0
FN:25,System.Void Shopfloor.Shared.ViewModels.MainViewModel::OnCurrentViewModelChanged()
FNDA:0,System.Void Shopfloor.Shared.ViewModels.MainViewModel::OnCurrentViewModelChanged()
DA:26,0
DA:27,0
DA:28,0
FN:8,System.Void Shopfloor.Shared.ViewModels.MainViewModel::.ctor(Shopfloor.Shared.Stores.INavigationStore,Shopfloor.Shared.Stores.ModalNavigationStore)
FNDA:0,System.Void Shopfloor.Shared.ViewModels.MainViewModel::.ctor(Shopfloor.Shared.Stores.INavigationStore,Shopfloor.Shared.Stores.ModalNavigationStore)
DA:9,0
DA:10,0
DA:11,0
DA:12,0
DA:14,0
DA:15,0
DA:16,0
LF:17
LH:0
BRF:0
BRH:0
FNF:6
FNH:0
end_of_record
SF:c:\Users\kryszm02\Downloads\ShopfloorWPF\Shopfloor\Shared\ViewModels\ViewModelBase.cs
FN:9,System.Void Shopfloor.Shared.ViewModels.ViewModelBase::Dispose()
FNDA:0,System.Void Shopfloor.Shared.ViewModels.ViewModelBase::Dispose()
DA:10,0
DA:11,0
FN:12,System.Void Shopfloor.Shared.ViewModels.ViewModelBase::OnPropertyChanged(System.String)
FNDA:0,System.Void Shopfloor.Shared.ViewModels.ViewModelBase::OnPropertyChanged(System.String)
DA:13,0
DA:14,0
DA:15,0
BRDA:14,8,0,0
BRDA:14,8,1,0
LF:5
LH:0
BRF:2
BRH:0
FNF:2
FNH:0
end_of_record
SF:c:\Users\kryszm02\Downloads\ShopfloorWPF\Shopfloor\Shared\Stores\ModalNavigationStore.cs
FN:12,Shopfloor.Shared.ViewModels.ViewModelBase Shopfloor.Shared.Stores.ModalNavigationStore::get_CurrentViewModel()
FNDA:0,Shopfloor.Shared.ViewModels.ViewModelBase Shopfloor.Shared.Stores.ModalNavigationStore::get_CurrentViewModel()
DA:13,0
FN:14,System.Void Shopfloor.Shared.Stores.ModalNavigationStore::set_CurrentViewModel(Shopfloor.Shared.ViewModels.ViewModelBase)
FNDA:0,System.Void Shopfloor.Shared.Stores.ModalNavigationStore::set_CurrentViewModel(Shopfloor.Shared.ViewModels.ViewModelBase)
DA:15,0
DA:16,0
DA:17,0
DA:18,0
DA:19,0
BRDA:16,8,0,0
BRDA:16,8,1,0
FN:21,System.Boolean Shopfloor.Shared.Stores.ModalNavigationStore::get_IsOpen()
FNDA:0,System.Boolean Shopfloor.Shared.Stores.ModalNavigationStore::get_IsOpen()
DA:22,0
FN:23,System.Void Shopfloor.Shared.Stores.ModalNavigationStore::Close()
FNDA:0,System.Void Shopfloor.Shared.Stores.ModalNavigationStore::Close()
DA:24,0
DA:25,0
DA:26,0
FN:27,System.Void Shopfloor.Shared.Stores.ModalNavigationStore::OnCurrentViewModelChanged()
FNDA:0,System.Void Shopfloor.Shared.Stores.ModalNavigationStore::OnCurrentViewModelChanged()
DA:28,0
DA:29,0
DA:30,0
BRDA:29,8,0,0
BRDA:29,8,1,0
LF:13
LH:0
BRF:4
BRH:0
FNF:5
FNH:0
end_of_record
SF:c:\Users\kryszm02\Downloads\ShopfloorWPF\Shopfloor\Shared\Stores\NavigationStore.cs
FN:13,Shopfloor.Shared.ViewModels.ViewModelBase Shopfloor.Shared.Stores.NavigationStore::get_CurrentViewModel()
FNDA:0,Shopfloor.Shared.ViewModels.ViewModelBase Shopfloor.Shared.Stores.NavigationStore::get_CurrentViewModel()
DA:14,0
BRDA:14,7,0,0
BRDA:14,7,1,0
FN:15,System.Void Shopfloor.Shared.Stores.NavigationStore::set_CurrentViewModel(Shopfloor.Shared.ViewModels.ViewModelBase)
FNDA:0,System.Void Shopfloor.Shared.Stores.NavigationStore::set_CurrentViewModel(Shopfloor.Shared.ViewModels.ViewModelBase)
DA:16,0
DA:17,0
DA:18,0
DA:19,0
DA:20,0
BRDA:17,8,0,0
BRDA:17,8,1,0
FN:22,System.Void Shopfloor.Shared.Stores.NavigationStore::OnCurrentViewModelChanged()
FNDA:0,System.Void Shopfloor.Shared.Stores.NavigationStore::OnCurrentViewModelChanged()
DA:23,0
DA:24,0
DA:25,0
BRDA:24,8,0,0
BRDA:24,8,1,0
FN:8,System.Void Shopfloor.Shared.Stores.NavigationStore::.ctor()
FNDA:0,System.Void Shopfloor.Shared.Stores.NavigationStore::.ctor()
DA:9,0
LF:10
LH:0
BRF:6
BRH:0
FNF:4
FNH:0
end_of_record
SF:c:\Users\kryszm02\Downloads\ShopfloorWPF\Shopfloor\Shared\Services\ParameterNavigationService.cs
FN:18,System.Void Shopfloor.Shared.Services.ParameterNavigationService`2::Navigate(TParameter)
FNDA:0,System.Void Shopfloor.Shared.Services.ParameterNavigationService`2::Navigate(TParameter)
DA:19,0
DA:20,0
DA:21,0
FN:11,System.Void Shopfloor.Shared.Services.ParameterNavigationService`2::.ctor(Shopfloor.Shared.Stores.INavigationStore,Shopfloor.Shared.ViewModels.CreateViewModel`2<TParameter,TViewModel>)
FNDA:0,System.Void Shopfloor.Shared.Services.ParameterNavigationService`2::.ctor(Shopfloor.Shared.Stores.INavigationStore,Shopfloor.Shared.ViewModels.CreateViewModel`2<TParameter,TViewModel>)
DA:12,0
DA:13,0
DA:14,0
DA:15,0
DA:16,0
LF:8
LH:0
BRF:0
BRH:0
FNF:2
FNH:0
end_of_record
SF:c:\Users\kryszm02\Downloads\ShopfloorWPF\Shopfloor\Shared\Commands\AsyncCommandBase.cs
FN:18,System.Boolean Shopfloor.Shared.Commands.AsyncCommandBase::get_IsExecuting()
FNDA:0,System.Boolean Shopfloor.Shared.Commands.AsyncCommandBase::get_IsExecuting()
DA:19,0
DA:20,0
DA:21,0
FN:22,System.Void Shopfloor.Shared.Commands.AsyncCommandBase::set_IsExecuting(System.Boolean)
FNDA:0,System.Void Shopfloor.Shared.Commands.AsyncCommandBase::set_IsExecuting(System.Boolean)
DA:23,0
DA:24,0
DA:25,0
DA:26,0
FN:28,System.Boolean Shopfloor.Shared.Commands.AsyncCommandBase::CanExecute(System.Object)
FNDA:0,System.Boolean Shopfloor.Shared.Commands.AsyncCommandBase::CanExecute(System.Object)
DA:29,0
DA:30,0
DA:31,0
BRDA:30,7,0,0
BRDA:30,7,1,0
FN:11,System.Void Shopfloor.Shared.Commands.AsyncCommandBase::.ctor(System.Action`1<System.Exception>)
FNDA:0,System.Void Shopfloor.Shared.Commands.AsyncCommandBase::.ctor(System.Action`1<System.Exception>)
DA:12,0
DA:13,0
DA:14,0
DA:15,0
FN:40,System.Void Shopfloor.Shared.Commands.AsyncCommandBase/<>c__DisplayClass7_0/<<Execute>b__0>d::MoveNext()
FNDA:0,System.Void Shopfloor.Shared.Commands.AsyncCommandBase/<>c__DisplayClass7_0/<<Execute>b__0>d::MoveNext()
DA:41,0
DA:42,0
DA:43,0
FN:33,System.Void Shopfloor.Shared.Commands.AsyncCommandBase/<Execute>d__7::MoveNext()
FNDA:0,System.Void Shopfloor.Shared.Commands.AsyncCommandBase/<Execute>d__7::MoveNext()
DA:34,0
DA:35,0
DA:38,0
DA:40,0
DA:44,0
DA:45,0
DA:46,0
DA:47,0
DA:48,0
DA:50,0
DA:51,0
BRDA:47,218,0,0
BRDA:47,218,1,0
LF:28
LH:0
BRF:4
BRH:0
FNF:6
FNH:0
end_of_record
SF:c:\Users\kryszm02\Downloads\ShopfloorWPF\Shopfloor\Shared\Commands\CommandBase.cs
FN:10,System.Boolean Shopfloor.Shared.Commands.CommandBase::CanExecute(System.Object)
FNDA:0,System.Boolean Shopfloor.Shared.Commands.CommandBase::CanExecute(System.Object)
DA:11,0
DA:12,0
DA:13,0
FN:17,System.Void Shopfloor.Shared.Commands.CommandBase::OnCanExecuteChanged()
FNDA:0,System.Void Shopfloor.Shared.Commands.CommandBase::OnCanExecuteChanged()
DA:18,0
DA:19,0
DA:20,0
BRDA:19,8,0,0
BRDA:19,8,1,0
LF:6
LH:0
BRF:2
BRH:0
FNF:2
FNH:0
end_of_record
SF:c:\Users\kryszm02\Downloads\ShopfloorWPF\Shopfloor\Shared\Commands\RelayCommand.cs
FN:16,System.Void Shopfloor.Shared.Commands.RelayCommand::add_CanExecuteChanged(System.EventHandler)
FNDA:0,System.Void Shopfloor.Shared.Commands.RelayCommand::add_CanExecuteChanged(System.EventHandler)
DA:17,0
FN:17,System.Void Shopfloor.Shared.Commands.RelayCommand::remove_CanExecuteChanged(System.EventHandler)
FNDA:0,System.Void Shopfloor.Shared.Commands.RelayCommand::remove_CanExecuteChanged(System.EventHandler)
DA:18,0
FN:19,System.Boolean Shopfloor.Shared.Commands.RelayCommand::CanExecute(System.Object)
FNDA:1,System.Boolean Shopfloor.Shared.Commands.RelayCommand::CanExecute(System.Object)
DA:20,1
BRDA:20,8,0,1
BRDA:20,8,1,1
FN:20,System.Void Shopfloor.Shared.Commands.RelayCommand::Execute(System.Object)
FNDA:1,System.Void Shopfloor.Shared.Commands.RelayCommand::Execute(System.Object)
DA:21,1
BRDA:21,8,0,1
BRDA:21,8,1,1
FN:9,System.Void Shopfloor.Shared.Commands.RelayCommand::.ctor(System.Action`1<System.Object>,System.Predicate`1<System.Object>)
FNDA:15,System.Void Shopfloor.Shared.Commands.RelayCommand::.ctor(System.Action`1<System.Object>,System.Predicate`1<System.Object>)
DA:10,15
DA:11,15
DA:12,15
DA:13,15
DA:14,15
LF:9
LH:7
BRF:4
BRH:4
FNF:5
FNH:3
end_of_record
SF:c:\Users\kryszm02\Downloads\ShopfloorWPF\Shopfloor\Shared\BaseClasses\DataModel.cs
FN:11,System.Boolean Shopfloor.Shared.BaseClasses.DataModel::get_HasErrors()
FNDA:15,System.Boolean Shopfloor.Shared.BaseClasses.DataModel::get_HasErrors()
DA:12,15
FN:13,System.Void Shopfloor.Shared.BaseClasses.DataModel::AddError(System.String,System.String)
FNDA:15,System.Void Shopfloor.Shared.BaseClasses.DataModel::AddError(System.String,System.String)
DA:14,15
DA:15,15
DA:16,15
DA:17,15
DA:18,15
DA:19,15
DA:20,15
DA:21,15
DA:22,15
DA:23,15
DA:25,15
DA:26,15
BRDA:15,20,0,15
BRDA:15,20,1,15
BRDA:20,55,0,15
BRDA:20,55,1,15
FN:27,System.Void Shopfloor.Shared.BaseClasses.DataModel::ClearErrors(System.String)
FNDA:59,System.Void Shopfloor.Shared.BaseClasses.DataModel::ClearErrors(System.String)
DA:28,59
DA:29,59
DA:30,0
DA:31,0
DA:32,0
DA:33,59
BRDA:29,15,0,0
BRDA:29,15,1,59
FN:34,System.Int32 Shopfloor.Shared.BaseClasses.DataModel::CountErrors(System.String)
FNDA:8,System.Int32 Shopfloor.Shared.BaseClasses.DataModel::CountErrors(System.String)
DA:35,8
DA:36,8
DA:37,5
DA:38,5
DA:41,3
DA:42,8
BRDA:36,20,0,5
BRDA:36,20,1,3
BRDA:41,40,0,0
BRDA:41,40,1,3
FN:42,System.Collections.IEnumerable Shopfloor.Shared.BaseClasses.DataModel::GetErrors(System.String)
FNDA:10,System.Collections.IEnumerable Shopfloor.Shared.BaseClasses.DataModel::GetErrors(System.String)
DA:43,10
BRDA:43,8,0,0
BRDA:43,8,1,10
BRDA:43,23,0,4
BRDA:43,23,1,10
FN:43,System.Void Shopfloor.Shared.BaseClasses.DataModel::OnErrorsChanged(System.String)
FNDA:15,System.Void Shopfloor.Shared.BaseClasses.DataModel::OnErrorsChanged(System.String)
DA:44,15
BRDA:44,7,0,15
BRDA:44,7,1,0
FN:9,System.Void Shopfloor.Shared.BaseClasses.DataModel::.ctor()
FNDA:189,System.Void Shopfloor.Shared.BaseClasses.DataModel::.ctor()
DA:10,189
LF:28
LH:25
BRF:16
BRH:12
FNF:7
FNH:7
end_of_record
SF:c:\Users\kryszm02\Downloads\ShopfloorWPF\Shopfloor\Shared\BaseClasses\StoreBase.cs
FN:18,System.Collections.Generic.List`1<T> Shopfloor.Shared.BaseClasses.StoreBase`1::get_Data()
FNDA:0,System.Collections.Generic.List`1<T> Shopfloor.Shared.BaseClasses.StoreBase`1::get_Data()
DA:19,0
DA:20,0
DA:21,0
DA:22,0
DA:23,0
DA:25,0
DA:26,0
BRDA:20,12,0,0
BRDA:20,12,1,0
FN:27,System.Boolean Shopfloor.Shared.BaseClasses.StoreBase`1::get_IsLoaded()
FNDA:0,System.Boolean Shopfloor.Shared.BaseClasses.StoreBase`1::get_IsLoaded()
DA:28,0
FN:33,System.Threading.Tasks.Task Shopfloor.Shared.BaseClasses.StoreBase`1::Load()
FNDA:0,System.Threading.Tasks.Task Shopfloor.Shared.BaseClasses.StoreBase`1::Load()
DA:34,0
DA:35,0
DA:36,0
DA:37,0
DA:38,0
FN:10,System.Void Shopfloor.Shared.BaseClasses.StoreBase`1::.ctor(Shopfloor.Interfaces.IProvider`1<T>)
FNDA:0,System.Void Shopfloor.Shared.BaseClasses.StoreBase`1::.ctor(Shopfloor.Interfaces.IProvider`1<T>)
DA:11,0
DA:12,0
DA:13,0
DA:14,0
DA:15,0
FN:29,System.Void Shopfloor.Shared.BaseClasses.StoreBase`1/<Reload>d__9::MoveNext()
FNDA:0,System.Void Shopfloor.Shared.BaseClasses.StoreBase`1/<Reload>d__9::MoveNext()
DA:30,0
DA:31,0
DA:32,0
LF:21
LH:0
BRF:2
BRH:0
FNF:5
FNH:0
end_of_record
SF:c:\Users\kryszm02\Downloads\ShopfloorWPF\Shopfloor\Services\AuthServices\AuthService.cs
FN:12,Shopfloor.Models.UserModel.User Shopfloor.Services.AuthService::Login(System.String)
FNDA:2,Shopfloor.Models.UserModel.User Shopfloor.Services.AuthService::Login(System.String)
DA:13,2
DA:14,2
DA:15,2
BRDA:14,24,0,1
BRDA:14,24,1,2
FN:7,System.Void Shopfloor.Services.AuthService::.ctor(Shopfloor.Models.UserModel.IUserProvider)
FNDA:2,System.Void Shopfloor.Services.AuthService::.ctor(Shopfloor.Models.UserModel.IUserProvider)
DA:8,2
DA:9,2
DA:10,2
DA:11,2
LF:7
LH:7
BRF:2
BRH:2
FNF:2
FNH:2
end_of_record
SF:c:\Users\kryszm02\Downloads\ShopfloorWPF\Shopfloor\Services\StoreRepository.cs
FN:72,Shopfloor.Stores.ICurrentUserStore Shopfloor.Services.StoreRepository::get_CurrentUser()
FNDA:0,Shopfloor.Stores.ICurrentUserStore Shopfloor.Services.StoreRepository::get_CurrentUser()
DA:73,0
FN:73,Shopfloor.Interfaces.IDataStore`1<Shopfloor.Models.ErrandModel.Errand> Shopfloor.Services.StoreRepository::get_Errand()
FNDA:0,Shopfloor.Interfaces.IDataStore`1<Shopfloor.Models.ErrandModel.Errand> Shopfloor.Services.StoreRepository::get_Errand()
DA:74,0
FN:74,Shopfloor.Interfaces.IDataStore`1<Shopfloor.Models.ErrandPartModel.ErrandPart> Shopfloor.Services.StoreRepository::get_ErrandPart()
FNDA:0,Shopfloor.Interfaces.IDataStore`1<Shopfloor.Models.ErrandPartModel.ErrandPart> Shopfloor.Services.StoreRepository::get_ErrandPart()
DA:75,0
FN:75,Shopfloor.Interfaces.IDataStore`1<Shopfloor.Models.ErrandPartOfferModel.ErrandPartOffer> Shopfloor.Services.StoreRepository::get_ErrandPartOffer()
FNDA:0,Shopfloor.Interfaces.IDataStore`1<Shopfloor.Models.ErrandPartOfferModel.ErrandPartOffer> Shopfloor.Services.StoreRepository::get_ErrandPartOffer()
DA:76,0
FN:76,Shopfloor.Interfaces.IDataStore`1<Shopfloor.Models.ErrandPartOrderModel.ErrandPartOrder> Shopfloor.Services.StoreRepository::get_ErrandPartOrder()
FNDA:0,Shopfloor.Interfaces.IDataStore`1<Shopfloor.Models.ErrandPartOrderModel.ErrandPartOrder> Shopfloor.Services.StoreRepository::get_ErrandPartOrder()
DA:77,0
FN:77,Shopfloor.Interfaces.IDataStore`1<Shopfloor.Models.ErrandPartStatusModel.ErrandPartStatus> Shopfloor.Services.StoreRepository::get_ErrandPartStatus()
FNDA:0,Shopfloor.Interfaces.IDataStore`1<Shopfloor.Models.ErrandPartStatusModel.ErrandPartStatus> Shopfloor.Services.StoreRepository::get_ErrandPartStatus()
DA:78,0
FN:78,Shopfloor.Interfaces.IDataStore`1<Shopfloor.Models.ErrandStatusModel.ErrandStatus> Shopfloor.Services.StoreRepository::get_ErrandStatus()
FNDA:0,Shopfloor.Interfaces.IDataStore`1<Shopfloor.Models.ErrandStatusModel.ErrandStatus> Shopfloor.Services.StoreRepository::get_ErrandStatus()
DA:79,0
FN:79,Shopfloor.Interfaces.IDataStore`1<Shopfloor.Models.ErrandTypeModel.ErrandType> Shopfloor.Services.StoreRepository::get_ErrandType()
FNDA:0,Shopfloor.Interfaces.IDataStore`1<Shopfloor.Models.ErrandTypeModel.ErrandType> Shopfloor.Services.StoreRepository::get_ErrandType()
DA:80,0
FN:80,Shopfloor.Interfaces.IDataStore`1<Shopfloor.Models.MachineModel.Machine> Shopfloor.Services.StoreRepository::get_Machine()
FNDA:0,Shopfloor.Interfaces.IDataStore`1<Shopfloor.Models.MachineModel.Machine> Shopfloor.Services.StoreRepository::get_Machine()
DA:81,0
FN:81,Shopfloor.Interfaces.IDataStore`1<Shopfloor.Models.MachinePartModel.MachinePart> Shopfloor.Services.StoreRepository::get_MachinePart()
FNDA:0,Shopfloor.Interfaces.IDataStore`1<Shopfloor.Models.MachinePartModel.MachinePart> Shopfloor.Services.StoreRepository::get_MachinePart()
DA:82,0
FN:82,Shopfloor.Interfaces.IDataStore`1<Shopfloor.Models.MessageModel.Message> Shopfloor.Services.StoreRepository::get_Message()
FNDA:0,Shopfloor.Interfaces.IDataStore`1<Shopfloor.Models.MessageModel.Message> Shopfloor.Services.StoreRepository::get_Message()
DA:83,0
FN:83,Shopfloor.Interfaces.IDataStore`1<Shopfloor.Models.OfferModel.Offer> Shopfloor.Services.StoreRepository::get_Offer()
FNDA:0,Shopfloor.Interfaces.IDataStore`1<Shopfloor.Models.OfferModel.Offer> Shopfloor.Services.StoreRepository::get_Offer()
DA:84,0
FN:84,Shopfloor.Interfaces.IDataStore`1<Shopfloor.Models.OrderModel.Order> Shopfloor.Services.StoreRepository::get_Order()
FNDA:0,Shopfloor.Interfaces.IDataStore`1<Shopfloor.Models.OrderModel.Order> Shopfloor.Services.StoreRepository::get_Order()
DA:85,0
FN:85,Shopfloor.Interfaces.IDataStore`1<Shopfloor.Models.PartModel.Part> Shopfloor.Services.StoreRepository::get_Part()
FNDA:0,Shopfloor.Interfaces.IDataStore`1<Shopfloor.Models.PartModel.Part> Shopfloor.Services.StoreRepository::get_Part()
DA:86,0
FN:86,Shopfloor.Interfaces.IDataStore`1<Shopfloor.Models.PartTypeModel.PartType> Shopfloor.Services.StoreRepository::get_PartType()
FNDA:0,Shopfloor.Interfaces.IDataStore`1<Shopfloor.Models.PartTypeModel.PartType> Shopfloor.Services.StoreRepository::get_PartType()
DA:87,0
FN:87,Shopfloor.Interfaces.IDataStore`1<Shopfloor.Models.ReservationModel.Reservation> Shopfloor.Services.StoreRepository::get_Reservation()
FNDA:0,Shopfloor.Interfaces.IDataStore`1<Shopfloor.Models.ReservationModel.Reservation> Shopfloor.Services.StoreRepository::get_Reservation()
DA:88,0
FN:88,Shopfloor.Interfaces.IDataStore`1<Shopfloor.Models.RoleModel.Role> Shopfloor.Services.StoreRepository::get_Role()
FNDA:0,Shopfloor.Interfaces.IDataStore`1<Shopfloor.Models.RoleModel.Role> Shopfloor.Services.StoreRepository::get_Role()
DA:89,0
FN:89,Shopfloor.Interfaces.IDataStore`1<Shopfloor.Models.RoleUserModel.RoleUser> Shopfloor.Services.StoreRepository::get_RoleUser()
FNDA:0,Shopfloor.Interfaces.IDataStore`1<Shopfloor.Models.RoleUserModel.RoleUser> Shopfloor.Services.StoreRepository::get_RoleUser()
DA:90,0
FN:90,Shopfloor.Features.Mechanic.Errands.Stores.SelectedErrandStore Shopfloor.Services.StoreRepository::get_SelectedErrand()
FNDA:0,Shopfloor.Features.Mechanic.Errands.Stores.SelectedErrandStore Shopfloor.Services.StoreRepository::get_SelectedErrand()
DA:91,0
FN:91,Shopfloor.Interfaces.IDataStore`1<Shopfloor.Models.SupplierModel.Supplier> Shopfloor.Services.StoreRepository::get_Supplier()
FNDA:0,Shopfloor.Interfaces.IDataStore`1<Shopfloor.Models.SupplierModel.Supplier> Shopfloor.Services.StoreRepository::get_Supplier()
DA:92,0
FN:92,Shopfloor.Interfaces.IDataStore`1<Shopfloor.Models.UserModel.User> Shopfloor.Services.StoreRepository::get_User()
FNDA:0,Shopfloor.Interfaces.IDataStore`1<Shopfloor.Models.UserModel.User> Shopfloor.Services.StoreRepository::get_User()
DA:93,0
FN:27,System.Void Shopfloor.Services.StoreRepository::.ctor(Shopfloor.Interfaces.IDataStore`1<Shopfloor.Models.UserModel.User>,Shopfloor.Interfaces.IDataStore`1<Shopfloor.Models.SupplierModel.Supplier>,Shopfloor.Interfaces.IDataStore`1<Shopfloor.Models.RoleUserModel.RoleUser>,Shopfloor.Interfaces.IDataStore`1<Shopfloor.Models.RoleModel.Role>,Shopfloor.Interfaces.IDataStore`1<Shopfloor.Models.ReservationModel.Reservation>,Shopfloor.Interfaces.IDataStore`1<Shopfloor.Models.PartTypeModel.PartType>,Shopfloor.Interfaces.IDataStore`1<Shopfloor.Models.PartModel.Part>,Shopfloor.Interfaces.IDataStore`1<Shopfloor.Models.OrderModel.Order>,Shopfloor.Interfaces.IDataStore`1<Shopfloor.Models.OfferModel.Offer>,Shopfloor.Interfaces.IDataStore`1<Shopfloor.Models.MessageModel.Message>,Shopfloor.Interfaces.IDataStore`1<Shopfloor.Models.MachinePartModel.MachinePart>,Shopfloor.Interfaces.IDataStore`1<Shopfloor.Models.MachineModel.Machine>,Shopfloor.Interfaces.IDataStore`1<Shopfloor.Models.ErrandTypeModel.ErrandType>,Shopfloor.Interfaces.IDataStore`1<Shopfloor.Models.ErrandStatusModel.ErrandStatus>,Shopfloor.Interfaces.IDataStore`1<Shopfloor.Models.ErrandPartStatusModel.ErrandPartStatus>,Shopfloor.Interfaces.IDataStore`1<Shopfloor.Models.ErrandPartOrderModel.ErrandPartOrder>,Shopfloor.Interfaces.IDataStore`1<Shopfloor.Models.ErrandPartOfferModel.ErrandPartOffer>,Shopfloor.Interfaces.IDataStore`1<Shopfloor.Models.ErrandPartModel.ErrandPart>,Shopfloor.Interfaces.IDataStore`1<Shopfloor.Models.ErrandModel.Errand>,Shopfloor.Features.Mechanic.Errands.Stores.SelectedErrandStore,Shopfloor.Stores.ICurrentUserStore)
FNDA:0,System.Void Shopfloor.Services.StoreRepository::.ctor(Shopfloor.Interfaces.IDataStore`1<Shopfloor.Models.UserModel.User>,Shopfloor.Interfaces.IDataStore`1<Shopfloor.Models.SupplierModel.Supplier>,Shopfloor.Interfaces.IDataStore`1<Shopfloor.Models.RoleUserModel.RoleUser>,Shopfloor.Interfaces.IDataStore`1<Shopfloor.Models.RoleModel.Role>,Shopfloor.Interfaces.IDataStore`1<Shopfloor.Models.ReservationModel.Reservation>,Shopfloor.Interfaces.IDataStore`1<Shopfloor.Models.PartTypeModel.PartType>,Shopfloor.Interfaces.IDataStore`1<Shopfloor.Models.PartModel.Part>,Shopfloor.Interfaces.IDataStore`1<Shopfloor.Models.OrderModel.Order>,Shopfloor.Interfaces.IDataStore`1<Shopfloor.Models.OfferModel.Offer>,Shopfloor.Interfaces.IDataStore`1<Shopfloor.Models.MessageModel.Message>,Shopfloor.Interfaces.IDataStore`1<Shopfloor.Models.MachinePartModel.MachinePart>,Shopfloor.Interfaces.IDataStore`1<Shopfloor.Models.MachineModel.Machine>,Shopfloor.Interfaces.IDataStore`1<Shopfloor.Models.ErrandTypeModel.ErrandType>,Shopfloor.Interfaces.IDataStore`1<Shopfloor.Models.ErrandStatusModel.ErrandStatus>,Shopfloor.Interfaces.IDataStore`1<Shopfloor.Models.ErrandPartStatusModel.ErrandPartStatus>,Shopfloor.Interfaces.IDataStore`1<Shopfloor.Models.ErrandPartOrderModel.ErrandPartOrder>,Shopfloor.Interfaces.IDataStore`1<Shopfloor.Models.ErrandPartOfferModel.ErrandPartOffer>,Shopfloor.Interfaces.IDataStore`1<Shopfloor.Models.ErrandPartModel.ErrandPart>,Shopfloor.Interfaces.IDataStore`1<Shopfloor.Models.ErrandModel.Errand>,Shopfloor.Features.Mechanic.Errands.Stores.SelectedErrandStore,Shopfloor.Stores.ICurrentUserStore)
DA:28,0
DA:29,0
DA:30,0
DA:31,0
DA:32,0
DA:33,0
DA:34,0
DA:35,0
DA:36,0
DA:37,0
DA:38,0
DA:39,0
DA:40,0
DA:41,0
DA:42,0
DA:43,0
DA:44,0
DA:45,0
DA:46,0
DA:47,0
DA:48,0
DA:49,0
DA:50,0
DA:51,0
DA:52,0
DA:53,0
DA:54,0
DA:55,0
DA:56,0
DA:57,0
DA:58,0
DA:59,0
DA:60,0
DA:61,0
DA:62,0
DA:63,0
DA:64,0
DA:65,0
DA:66,0
DA:67,0
DA:68,0
DA:69,0
DA:70,0
DA:71,0
DA:72,0
LF:66
LH:0
BRF:0
BRH:0
FNF:22
FNH:0
end_of_record
SF:c:\Users\kryszm02\Downloads\ShopfloorWPF\Shopfloor\Services\NotificationServices\NotifierCommand.cs
FN:19,System.Void Shopfloor.Services.NotificationServices.NotifierCommand::Execute(System.Object)
FNDA:0,System.Void Shopfloor.Services.NotificationServices.NotifierCommand::Execute(System.Object)
DA:20,0
DA:21,0
DA:24,0
DA:25,0
DA:27,0
DA:28,0
DA:30,0
DA:31,0
DA:33,0
DA:34,0
DA:36,0
DA:38,0
BRDA:21,11,1,0
BRDA:21,11,2,0
BRDA:21,11,3,0
BRDA:21,11,4,0
BRDA:21,11,0,0
FN:11,System.Void Shopfloor.Services.NotificationServices.NotifierCommand::.ctor(Shopfloor.Services.NotificationServices.INotifier,System.String,Shopfloor.Services.NotificationServices.NotifierSetup/ToastMessageStyles)
FNDA:0,System.Void Shopfloor.Services.NotificationServices.NotifierCommand::.ctor(Shopfloor.Services.NotificationServices.INotifier,System.String,Shopfloor.Services.NotificationServices.NotifierSetup/ToastMessageStyles)
DA:12,0
DA:13,0
DA:14,0
DA:15,0
DA:16,0
DA:17,0
LF:18
LH:0
BRF:5
BRH:0
FNF:2
FNH:0
end_of_record
SF:c:\Users\kryszm02\Downloads\ShopfloorWPF\Shopfloor\Services\NotificationServices\NotifierService.cs
FN:19,System.Void Shopfloor.Services.NotificationServices.NotifierServices/NotifierService::ShowError(System.String)
FNDA:0,System.Void Shopfloor.Services.NotificationServices.NotifierServices/NotifierService::ShowError(System.String)
DA:20,0
DA:21,0
DA:22,0
FN:23,System.Void Shopfloor.Services.NotificationServices.NotifierServices/NotifierService::ShowInformation(System.String)
FNDA:0,System.Void Shopfloor.Services.NotificationServices.NotifierServices/NotifierService::ShowInformation(System.String)
DA:24,0
DA:25,0
DA:26,0
FN:27,System.Void Shopfloor.Services.NotificationServices.NotifierServices/NotifierService::ShowSuccess(System.String)
FNDA:0,System.Void Shopfloor.Services.NotificationServices.NotifierServices/NotifierService::ShowSuccess(System.String)
DA:28,0
DA:29,0
DA:30,0
FN:31,System.Void Shopfloor.Services.NotificationServices.NotifierServices/NotifierService::ShowWarning(System.String)
FNDA:0,System.Void Shopfloor.Services.NotificationServices.NotifierServices/NotifierService::ShowWarning(System.String)
DA:32,0
DA:33,0
DA:34,0
FN:15,System.Void Shopfloor.Services.NotificationServices.NotifierServices/NotifierService::.ctor(System.Action`1<ToastNotifications.Core.NotifierConfiguration>)
FNDA:0,System.Void Shopfloor.Services.NotificationServices.NotifierServices/NotifierService::.ctor(System.Action`1<ToastNotifications.Core.NotifierConfiguration>)
DA:16,0
DA:17,0
DA:18,0
LF:15
LH:0
BRF:0
BRH:0
FNF:5
FNH:0
end_of_record
SF:c:\Users\kryszm02\Downloads\ShopfloorWPF\Shopfloor\Services\NotificationServices\NotifierSetup.cs
FN:11,Shopfloor.Services.NotificationServices.NotifierServices/NotifierService Shopfloor.Services.NotificationServices.NotifierSetup::GetSetup()
FNDA:0,Shopfloor.Services.NotificationServices.NotifierServices/NotifierService Shopfloor.Services.NotificationServices.NotifierSetup::GetSetup()
DA:12,0
DA:13,0
DA:14,0
DA:15,0
DA:16,0
DA:17,0
DA:18,0
DA:19,0
DA:20,0
DA:21,0
DA:22,0
DA:23,0
DA:24,0
DA:25,0
DA:26,0
DA:27,0
LF:16
LH:0
BRF:0
BRH:0
FNF:1
FNH:0
end_of_record
SF:c:\Users\kryszm02\Downloads\ShopfloorWPF\Shopfloor\Services\NavigationServices\NavigationCommand.cs
FN:15,System.Windows.Input.ICommand Shopfloor.Services.NavigationServices.NavigationCommand`1::Navigate()
FNDA:15,System.Windows.Input.ICommand Shopfloor.Services.NavigationServices.NavigationCommand`1::Navigate()
DA:16,15
DA:17,19
DA:18,15
BRDA:17,19,0,3
BRDA:17,19,1,15
FN:10,System.Void Shopfloor.Services.NavigationServices.NavigationCommand`1::.ctor(Shopfloor.Services.NavigationServices.INavigationService)
FNDA:15,System.Void Shopfloor.Services.NavigationServices.NavigationCommand`1::.ctor(Shopfloor.Services.NavigationServices.INavigationService)
DA:11,15
DA:12,15
DA:13,15
DA:14,15
LF:7
LH:7
BRF:2
BRH:2
FNF:2
FNH:2
end_of_record
SF:c:\Users\kryszm02\Downloads\ShopfloorWPF\Shopfloor\Services\NavigationServices\NavigationService.cs
FN:18,System.Void Shopfloor.Services.NavigationServices.NavigationService::NavigateTo()
FNDA:1,System.Void Shopfloor.Services.NavigationServices.NavigationService::NavigateTo()
DA:19,1
DA:20,1
DA:21,1
DA:22,1
FN:11,System.Void Shopfloor.Services.NavigationServices.NavigationService::.ctor(Shopfloor.Shared.Stores.INavigationStore,System.Func`2<System.Type,Shopfloor.Shared.ViewModels.ViewModelBase>)
FNDA:1,System.Void Shopfloor.Services.NavigationServices.NavigationService::.ctor(Shopfloor.Shared.Stores.INavigationStore,System.Func`2<System.Type,Shopfloor.Shared.ViewModels.ViewModelBase>)
DA:12,1
DA:13,1
DA:14,1
DA:15,1
DA:16,1
LF:9
LH:9
BRF:0
BRH:0
FNF:2
FNH:2
end_of_record
SF:c:\Users\kryszm02\Downloads\ShopfloorWPF\Shopfloor\Properties\Resources.Designer.cs
FN:39,System.Resources.ResourceManager Shopfloor.Properties.Resources::get_ResourceManager()
FNDA:0,System.Resources.ResourceManager Shopfloor.Properties.Resources::get_ResourceManager()
DA:40,0
DA:41,0
DA:42,0
DA:43,0
DA:44,0
DA:45,0
DA:46,0
BRDA:41,11,0,0
BRDA:41,11,1,0
FN:54,System.Globalization.CultureInfo Shopfloor.Properties.Resources::get_Culture()
FNDA:0,System.Globalization.CultureInfo Shopfloor.Properties.Resources::get_Culture()
DA:55,0
DA:56,0
DA:57,0
FN:57,System.Void Shopfloor.Properties.Resources::set_Culture(System.Globalization.CultureInfo)
FNDA:0,System.Void Shopfloor.Properties.Resources::set_Culture(System.Globalization.CultureInfo)
DA:58,0
DA:59,0
DA:60,0
FN:66,System.Byte[] Shopfloor.Properties.Resources::get_Zapas_części()
FNDA:0,System.Byte[] Shopfloor.Properties.Resources::get_Zapas_części()
DA:67,0
DA:68,0
DA:69,0
DA:70,0
FN:31,System.Void Shopfloor.Properties.Resources::.ctor()
FNDA:0,System.Void Shopfloor.Properties.Resources::.ctor()
DA:32,0
DA:33,0
LF:19
LH:0
BRF:2
BRH:0
FNF:5
FNH:0
end_of_record
SF:c:\Users\kryszm02\Downloads\ShopfloorWPF\Shopfloor\obj\Debug\net8.0-windows10.0.17763.0\Layout\TopPanel\TopPanelView.g.cs
FN:51,System.Void Shopfloor.Layout.TopPanel.TopPanelView::InitializeComponent()
FNDA:0,System.Void Shopfloor.Layout.TopPanel.TopPanelView::InitializeComponent()
DA:52,0
DA:53,0
DA:54,0
DA:56,0
DA:57,0
BRDA:53,9,0,0
BRDA:53,9,1,0
LF:5
LH:0
BRF:2
BRH:0
FNF:1
FNH:0
end_of_record
SF:c:\Users\kryszm02\Downloads\ShopfloorWPF\Shopfloor\Layout\TopPanel\TopPanelView.xaml
FN:0,System.Void Shopfloor.Layout.TopPanel.TopPanelView::InitializeComponent()
FNDA:0,System.Void Shopfloor.Layout.TopPanel.TopPanelView::InitializeComponent()
DA:1,0
LF:1
LH:0
BRF:0
BRH:0
FNF:1
FNH:0
end_of_record
SF:c:\Users\kryszm02\Downloads\ShopfloorWPF\Shopfloor\Layout\TopPanel\TopPanelView.xaml.cs
FN:9,System.Void Shopfloor.Layout.TopPanel.TopPanelView::.ctor()
FNDA:0,System.Void Shopfloor.Layout.TopPanel.TopPanelView::.ctor()
DA:10,0
DA:11,0
DA:12,0
DA:13,0
LF:4
LH:0
BRF:0
BRH:0
FNF:1
FNH:0
end_of_record
SF:c:\Users\kryszm02\Downloads\ShopfloorWPF\Shopfloor\Layout\TopPanel\TopPanelViewModel.cs
FN:24,System.Boolean Shopfloor.Layout.TopPanel.TopPanelViewModel::get_IsLoggedIn()
FNDA:4,System.Boolean Shopfloor.Layout.TopPanel.TopPanelViewModel::get_IsLoggedIn()
DA:25,4
FN:25,System.Windows.Input.ICommand Shopfloor.Layout.TopPanel.TopPanelViewModel::get_LogoutCommand()
FNDA:0,System.Windows.Input.ICommand Shopfloor.Layout.TopPanel.TopPanelViewModel::get_LogoutCommand()
DA:26,0
FN:26,System.Windows.Input.ICommand Shopfloor.Layout.TopPanel.TopPanelViewModel::get_NavigateLoginCommand()
FNDA:0,System.Windows.Input.ICommand Shopfloor.Layout.TopPanel.TopPanelViewModel::get_NavigateLoginCommand()
DA:27,0
FN:30,System.String Shopfloor.Layout.TopPanel.TopPanelViewModel::get_UserImagePath()
FNDA:2,System.String Shopfloor.Layout.TopPanel.TopPanelViewModel::get_UserImagePath()
DA:31,2
DA:32,2
DA:33,1
DA:34,1
DA:37,1
DA:38,2
BRDA:32,12,0,1
BRDA:32,12,1,1
FN:39,System.String Shopfloor.Layout.TopPanel.TopPanelViewModel::get_Username()
FNDA:2,System.String Shopfloor.Layout.TopPanel.TopPanelViewModel::get_Username()
DA:40,2
BRDA:40,6,0,1
BRDA:40,6,1,1
BRDA:40,27,0,0
BRDA:40,27,1,1
FN:40,Shopfloor.Models.UserModel.User Shopfloor.Layout.TopPanel.TopPanelViewModel::get_User()
FNDA:4,Shopfloor.Models.UserModel.User Shopfloor.Layout.TopPanel.TopPanelViewModel::get_User()
DA:41,4
FN:42,System.Void Shopfloor.Layout.TopPanel.TopPanelViewModel::OnUserAuthenticated(System.Object,System.ComponentModel.PropertyChangedEventArgs)
FNDA:0,System.Void Shopfloor.Layout.TopPanel.TopPanelViewModel::OnUserAuthenticated(System.Object,System.ComponentModel.PropertyChangedEventArgs)
DA:43,0
DA:44,0
DA:45,0
DA:46,0
DA:47,0
DA:48,0
DA:49,0
DA:50,0
BRDA:44,19,0,0
BRDA:44,19,1,0
FN:15,System.Void Shopfloor.Layout.TopPanel.TopPanelViewModel::.ctor(Shopfloor.Services.NavigationServices.INavigationService,Shopfloor.Stores.ICurrentUserStore)
FNDA:6,System.Void Shopfloor.Layout.TopPanel.TopPanelViewModel::.ctor(Shopfloor.Services.NavigationServices.INavigationService,Shopfloor.Stores.ICurrentUserStore)
DA:16,6
DA:17,6
DA:18,6
DA:19,6
DA:20,6
DA:22,6
DA:23,6
DA:24,6
LF:27
LH:17
BRF:8
BRH:5
FNF:8
FNH:5
end_of_record
SF:c:\Users\kryszm02\Downloads\ShopfloorWPF\Shopfloor\Layout\TopPanel\Commands\LogoutCommand.cs
FN:16,System.Void Shopfloor.Layout.TopPanel.Commands.LogoutCommand::Execute(System.Object)
FNDA:0,System.Void Shopfloor.Layout.TopPanel.Commands.LogoutCommand::Execute(System.Object)
DA:17,0
DA:18,0
DA:19,0
DA:20,0
FN:10,System.Void Shopfloor.Layout.TopPanel.Commands.LogoutCommand::.ctor(Shopfloor.Stores.ICurrentUserStore,System.Windows.Input.ICommand)
FNDA:6,System.Void Shopfloor.Layout.TopPanel.Commands.LogoutCommand::.ctor(Shopfloor.Stores.ICurrentUserStore,System.Windows.Input.ICommand)
DA:11,6
DA:12,6
DA:13,6
DA:14,6
DA:15,6
LF:9
LH:5
BRF:0
BRH:0
FNF:2
FNH:1
end_of_record
SF:c:\Users\kryszm02\Downloads\ShopfloorWPF\Shopfloor\obj\Debug\net8.0-windows10.0.17763.0\Layout\SidePanel\SidePanelView.g.cs
FN:50,System.Void Shopfloor.Layout.SidePanel.SidePanelView::InitializeComponent()
FNDA:0,System.Void Shopfloor.Layout.SidePanel.SidePanelView::InitializeComponent()
DA:51,0
DA:52,0
DA:53,0
DA:55,0
DA:56,0
BRDA:52,9,0,0
BRDA:52,9,1,0
LF:5
LH:0
BRF:2
BRH:0
FNF:1
FNH:0
end_of_record
SF:c:\Users\kryszm02\Downloads\ShopfloorWPF\Shopfloor\Layout\SidePanel\SidePanelView.xaml
FN:0,System.Void Shopfloor.Layout.SidePanel.SidePanelView::InitializeComponent()
FNDA:0,System.Void Shopfloor.Layout.SidePanel.SidePanelView::InitializeComponent()
DA:1,0
LF:1
LH:0
BRF:0
BRH:0
FNF:1
FNH:0
end_of_record
SF:c:\Users\kryszm02\Downloads\ShopfloorWPF\Shopfloor\Layout\SidePanel\SidePanelView.xaml.cs
FN:9,System.Void Shopfloor.Layout.SidePanel.SidePanelView::.ctor()
FNDA:0,System.Void Shopfloor.Layout.SidePanel.SidePanelView::.ctor()
DA:10,0
DA:11,0
DA:12,0
DA:13,0
LF:4
LH:0
BRF:0
BRH:0
FNF:1
FNH:0
end_of_record
SF:c:\Users\kryszm02\Downloads\ShopfloorWPF\Shopfloor\obj\Debug\net8.0-windows10.0.17763.0\Layout\MainWindow\MainWindow.g.cs
FN:52,System.Void Shopfloor.Layout.MainWindow.MainWindow::InitializeComponent()
FNDA:0,System.Void Shopfloor.Layout.MainWindow.MainWindow::InitializeComponent()
DA:53,0
DA:54,0
DA:55,0
DA:57,0
DA:58,0
BRDA:54,9,0,0
BRDA:54,9,1,0
LF:5
LH:0
BRF:2
BRH:0
FNF:1
FNH:0
end_of_record
SF:c:\Users\kryszm02\Downloads\ShopfloorWPF\Shopfloor\Layout\MainWindow\MainWindow.xaml
FN:0,System.Void Shopfloor.Layout.MainWindow.MainWindow::InitializeComponent()
FNDA:0,System.Void Shopfloor.Layout.MainWindow.MainWindow::InitializeComponent()
DA:1,0
LF:1
LH:0
BRF:0
BRH:0
FNF:1
FNH:0
end_of_record
SF:c:\Users\kryszm02\Downloads\ShopfloorWPF\Shopfloor\Layout\MainWindow\MainWindow.xaml.cs
FN:9,System.Void Shopfloor.Layout.MainWindow.MainWindow::.ctor()
FNDA:0,System.Void Shopfloor.Layout.MainWindow.MainWindow::.ctor()
DA:10,0
DA:11,0
DA:12,0
DA:13,0
LF:4
LH:0
BRF:0
BRH:0
FNF:1
FNH:0
end_of_record
SF:c:\Users\kryszm02\Downloads\ShopfloorWPF\Shopfloor\Layout\MainWindow\MainWindowViewModel.cs
FN:14,Shopfloor.Layout.Content.ContentViewModel Shopfloor.Layout.MainWindow.MainWindowViewModel::get_ContentViewModel()
FNDA:0,Shopfloor.Layout.Content.ContentViewModel Shopfloor.Layout.MainWindow.MainWindowViewModel::get_ContentViewModel()
DA:15,0
FN:15,Shopfloor.Layout.SidePanel.SidePanelViewModel Shopfloor.Layout.MainWindow.MainWindowViewModel::get_SidePanelViewModel()
FNDA:0,Shopfloor.Layout.SidePanel.SidePanelViewModel Shopfloor.Layout.MainWindow.MainWindowViewModel::get_SidePanelViewModel()
DA:16,0
FN:9,System.Void Shopfloor.Layout.MainWindow.MainWindowViewModel::.ctor(Shopfloor.Layout.SidePanel.SidePanelViewModel,Shopfloor.Layout.Content.ContentViewModel)
FNDA:0,System.Void Shopfloor.Layout.MainWindow.MainWindowViewModel::.ctor(Shopfloor.Layout.SidePanel.SidePanelViewModel,Shopfloor.Layout.Content.ContentViewModel)
DA:10,0
DA:11,0
DA:12,0
DA:13,0
DA:14,0
LF:7
LH:0
BRF:0
BRH:0
FNF:3
FNH:0
end_of_record
SF:c:\Users\kryszm02\Downloads\ShopfloorWPF\Shopfloor\obj\Debug\net8.0-windows10.0.17763.0\Layout\Content\ContentView.g.cs
FN:65,System.Void Shopfloor.Layout.Content.ContentView::InitializeComponent()
FNDA:0,System.Void Shopfloor.Layout.Content.ContentView::InitializeComponent()
DA:66,0
DA:67,0
DA:68,0
DA:70,0
DA:71,0
BRDA:67,9,0,0
BRDA:67,9,1,0
LF:5
LH:0
BRF:2
BRH:0
FNF:1
FNH:0
end_of_record
SF:c:\Users\kryszm02\Downloads\ShopfloorWPF\Shopfloor\Layout\Content\ContentView.xaml
FN:0,System.Void Shopfloor.Layout.Content.ContentView::InitializeComponent()
FNDA:0,System.Void Shopfloor.Layout.Content.ContentView::InitializeComponent()
DA:1,0
LF:1
LH:0
BRF:0
BRH:0
FNF:1
FNH:0
end_of_record
SF:c:\Users\kryszm02\Downloads\ShopfloorWPF\Shopfloor\Layout\Content\ContentView.xaml.cs
FN:9,System.Void Shopfloor.Layout.Content.ContentView::.ctor()
FNDA:0,System.Void Shopfloor.Layout.Content.ContentView::.ctor()
DA:10,0
DA:11,0
DA:12,0
DA:13,0
LF:4
LH:0
BRF:0
BRH:0
FNF:1
FNH:0
end_of_record
SF:c:\Users\kryszm02\Downloads\ShopfloorWPF\Shopfloor\Layout\Content\ContentViewModel.cs
FN:17,Shopfloor.Shared.ViewModels.ViewModelBase Shopfloor.Layout.Content.ContentViewModel::get_Content()
FNDA:0,Shopfloor.Shared.ViewModels.ViewModelBase Shopfloor.Layout.Content.ContentViewModel::get_Content()
DA:18,0
FN:18,Shopfloor.Layout.TopPanel.TopPanelViewModel Shopfloor.Layout.Content.ContentViewModel::get_TopPanelViewModel()
FNDA:0,Shopfloor.Layout.TopPanel.TopPanelViewModel Shopfloor.Layout.Content.ContentViewModel::get_TopPanelViewModel()
DA:19,0
FN:20,System.Void Shopfloor.Layout.Content.ContentViewModel::OnCurrentViewModelChanged()
FNDA:0,System.Void Shopfloor.Layout.Content.ContentViewModel::OnCurrentViewModelChanged()
DA:21,0
DA:22,0
DA:23,0
FN:10,System.Void Shopfloor.Layout.Content.ContentViewModel::.ctor(Shopfloor.Layout.TopPanel.TopPanelViewModel,Shopfloor.Shared.Stores.INavigationStore)
FNDA:0,System.Void Shopfloor.Layout.Content.ContentViewModel::.ctor(Shopfloor.Layout.TopPanel.TopPanelViewModel,Shopfloor.Shared.Stores.INavigationStore)
DA:11,0
DA:12,0
DA:13,0
DA:15,0
DA:16,0
DA:17,0
LF:11
LH:0
BRF:0
BRH:0
FNF:4
FNH:0
end_of_record
SF:c:\Users\kryszm02\Downloads\ShopfloorWPF\Shopfloor\Models\UserModel\Store\UserStore.cs
FN:8,System.Void Shopfloor.Models.UserModel.UserStore::.ctor(Shopfloor.Interfaces.IProvider`1<Shopfloor.Models.UserModel.User>)
FNDA:0,System.Void Shopfloor.Models.UserModel.UserStore::.ctor(Shopfloor.Interfaces.IProvider`1<Shopfloor.Models.UserModel.User>)
DA:9,0
DA:10,0
DA:11,0
LF:3
LH:0
BRF:0
BRH:0
FNF:1
FNH:0
end_of_record
SF:c:\Users\kryszm02\Downloads\ShopfloorWPF\Shopfloor\Models\UserModel\User.cs
FN:17,System.String Shopfloor.Models.UserModel.User::get_FullName()
FNDA:0,System.String Shopfloor.Models.UserModel.User::get_FullName()
DA:18,0
FN:20,System.Nullable`1<System.Int32> Shopfloor.Models.UserModel.User::get_Id()
FNDA:21,System.Nullable`1<System.Int32> Shopfloor.Models.UserModel.User::get_Id()
DA:21,21
FN:21,System.Void modreq(System.Runtime.CompilerServices.IsExternalInit) Shopfloor.Models.UserModel.User::set_Id(System.Nullable`1<System.Int32>)
FNDA:8,System.Void modreq(System.Runtime.CompilerServices.IsExternalInit) Shopfloor.Models.UserModel.User::set_Id(System.Nullable`1<System.Int32>)
DA:22,8
FN:25,System.String Shopfloor.Models.UserModel.User::get_Image()
FNDA:1,System.String Shopfloor.Models.UserModel.User::get_Image()
DA:26,1
BRDA:26,17,0,0
BRDA:26,17,1,1
FN:26,System.Void Shopfloor.Models.UserModel.User::set_Image(System.String)
FNDA:1,System.Void Shopfloor.Models.UserModel.User::set_Image(System.String)
DA:27,1
FN:30,System.Boolean Shopfloor.Models.UserModel.User::get_IsActive()
FNDA:0,System.Boolean Shopfloor.Models.UserModel.User::get_IsActive()
DA:31,0
FN:31,System.Void Shopfloor.Models.UserModel.User::set_IsActive(System.Boolean)
FNDA:0,System.Void Shopfloor.Models.UserModel.User::set_IsActive(System.Boolean)
DA:32,0
FN:35,System.String Shopfloor.Models.UserModel.User::get_Name()
FNDA:21,System.String Shopfloor.Models.UserModel.User::get_Name()
DA:36,21
FN:36,System.Void Shopfloor.Models.UserModel.User::set_Name(System.String)
FNDA:11,System.Void Shopfloor.Models.UserModel.User::set_Name(System.String)
DA:37,11
FN:40,System.String Shopfloor.Models.UserModel.User::get_Surname()
FNDA:0,System.String Shopfloor.Models.UserModel.User::get_Surname()
DA:41,0
FN:41,System.Void Shopfloor.Models.UserModel.User::set_Surname(System.String)
FNDA:1,System.Void Shopfloor.Models.UserModel.User::set_Surname(System.String)
DA:42,1
FN:45,System.String Shopfloor.Models.UserModel.User::get_Username()
FNDA:8,System.String Shopfloor.Models.UserModel.User::get_Username()
DA:46,8
FN:46,System.Void Shopfloor.Models.UserModel.User::set_Username(System.String)
FNDA:38,System.Void Shopfloor.Models.UserModel.User::set_Username(System.String)
DA:47,38
FN:48,System.Void Shopfloor.Models.UserModel.User::AddRole(Shopfloor.Models.RoleModel.Role)
FNDA:1,System.Void Shopfloor.Models.UserModel.User::AddRole(Shopfloor.Models.RoleModel.Role)
DA:49,1
FN:49,System.Void Shopfloor.Models.UserModel.User::ClearRoles()
FNDA:0,System.Void Shopfloor.Models.UserModel.User::ClearRoles()
DA:50,0
FN:50,System.Collections.Generic.IReadOnlyCollection`1<Shopfloor.Models.RoleModel.Role> Shopfloor.Models.UserModel.User::GetRoles()
FNDA:2,System.Collections.Generic.IReadOnlyCollection`1<Shopfloor.Models.RoleModel.Role> Shopfloor.Models.UserModel.User::GetRoles()
DA:51,2
FN:51,System.Boolean Shopfloor.Models.UserModel.User::IsAuthorized(System.Int32)
FNDA:0,System.Boolean Shopfloor.Models.UserModel.User::IsAuthorized(System.Int32)
DA:52,0
FN:52,System.Void Shopfloor.Models.UserModel.User::SetActive(System.Boolean)
FNDA:0,System.Void Shopfloor.Models.UserModel.User::SetActive(System.Boolean)
DA:53,0
FN:54,System.Void Shopfloor.Models.UserModel.User::Validate()
FNDA:0,System.Void Shopfloor.Models.UserModel.User::Validate()
DA:55,0
DA:56,0
DA:57,0
DA:58,0
FN:62,System.Boolean Shopfloor.Models.UserModel.User::Equals(Shopfloor.Models.UserModel.User)
FNDA:3,System.Boolean Shopfloor.Models.UserModel.User::Equals(Shopfloor.Models.UserModel.User)
DA:63,3
DA:64,3
DA:65,0
DA:66,0
DA:69,3
DA:70,3
DA:71,3
DA:74,0
DA:75,3
BRDA:64,7,0,0
BRDA:64,7,1,3
BRDA:69,28,0,3
BRDA:69,28,1,0
BRDA:69,52,0,3
BRDA:69,52,1,0
FN:75,System.Boolean Shopfloor.Models.UserModel.User::Equals(System.Object)
FNDA:3,System.Boolean Shopfloor.Models.UserModel.User::Equals(System.Object)
DA:76,3
BRDA:76,8,0,3
BRDA:76,8,1,0
FN:77,System.Int32 Shopfloor.Models.UserModel.User::GetHashCode()
FNDA:0,System.Int32 Shopfloor.Models.UserModel.User::GetHashCode()
DA:78,0
DA:79,0
DA:80,0
DA:81,0
DA:84,0
DA:85,0
BRDA:79,17,0,0
BRDA:79,17,1,0
FN:88,System.String Shopfloor.Models.UserModel.User::get_SearchValue()
FNDA:0,System.String Shopfloor.Models.UserModel.User::get_SearchValue()
DA:89,0
FN:13,System.Void Shopfloor.Models.UserModel.User::.ctor()
FNDA:38,System.Void Shopfloor.Models.UserModel.User::.ctor()
DA:14,38
DA:15,38
DA:16,38
DA:17,38
LF:43
LH:22
BRF:12
BRH:5
FNF:24
FNH:14
end_of_record
SF:c:\Users\kryszm02\Downloads\ShopfloorWPF\Shopfloor\Models\UserModel\UserDTO.cs
FN:7,System.Nullable`1<System.Int32> Shopfloor.Models.UserModel.UserDto::get_Id()
FNDA:29,System.Nullable`1<System.Int32> Shopfloor.Models.UserModel.UserDto::get_Id()
DA:8,29
FN:8,System.String Shopfloor.Models.UserModel.UserDto::get_ImagePath()
FNDA:41,System.String Shopfloor.Models.UserModel.UserDto::get_ImagePath()
DA:9,41
FN:9,System.Boolean Shopfloor.Models.UserModel.UserDto::get_IsActive()
FNDA:0,System.Boolean Shopfloor.Models.UserModel.UserDto::get_IsActive()
DA:10,0
FN:10,System.String Shopfloor.Models.UserModel.UserDto::get_Name()
FNDA:70,System.String Shopfloor.Models.UserModel.UserDto::get_Name()
DA:11,70
FN:11,System.Collections.Generic.HashSet`1<Shopfloor.Models.RoleModel.Role> Shopfloor.Models.UserModel.UserDto::get_Roles()
FNDA:41,System.Collections.Generic.HashSet`1<Shopfloor.Models.RoleModel.Role> Shopfloor.Models.UserModel.UserDto::get_Roles()
DA:12,41
FN:12,System.String Shopfloor.Models.UserModel.UserDto::get_Surname()
FNDA:39,System.String Shopfloor.Models.UserModel.UserDto::get_Surname()
DA:13,39
FN:13,System.String Shopfloor.Models.UserModel.UserDto::get_Username()
FNDA:84,System.String Shopfloor.Models.UserModel.UserDto::get_Username()
DA:14,84
LF:7
LH:6
BRF:0
BRH:0
FNF:7
FNH:6
end_of_record
SF:c:\Users\kryszm02\Downloads\ShopfloorWPF\Shopfloor\Models\UserModel\UserProvider.cs
FN:164,Shopfloor.Models.UserModel.User Shopfloor.Models.UserModel.UserProvider::ToUser(Shopfloor.Models.UserModel.UserDto)
FNDA:0,Shopfloor.Models.UserModel.User Shopfloor.Models.UserModel.UserProvider::ToUser(Shopfloor.Models.UserModel.UserDto)
DA:165,0
DA:166,0
DA:167,0
DA:168,0
DA:169,0
DA:170,0
DA:171,0
DA:172,0
DA:173,0
DA:174,0
DA:175,0
FN:69,System.Void Shopfloor.Models.UserModel.UserProvider::.ctor(Shopfloor.Database.DatabaseConnectionFactory)
FNDA:0,System.Void Shopfloor.Models.UserModel.UserProvider::.ctor(Shopfloor.Database.DatabaseConnectionFactory)
DA:70,0
DA:71,0
DA:72,0
DA:73,0
FN:74,System.Void Shopfloor.Models.UserModel.UserProvider/<Create>d__9::MoveNext()
FNDA:0,System.Void Shopfloor.Models.UserModel.UserProvider/<Create>d__9::MoveNext()
DA:75,0
DA:76,0
DA:77,0
DA:78,0
DA:79,0
DA:82,0
DA:83,0
DA:84,0
DA:85,0
DA:86,0
DA:87,0
DA:88,0
DA:89,0
DA:90,0
DA:92,0
DA:93,0
DA:94,0
DA:95,0
DA:96,0
DA:98,0
DA:99,0
BRDA:75,16,0,0
BRDA:77,177,0,0
BRDA:77,177,1,0
BRDA:75,16,1,0
BRDA:92,465,1,0
BRDA:92,465,0,0
FN:100,System.Void Shopfloor.Models.UserModel.UserProvider/<Delete>d__10::MoveNext()
FNDA:0,System.Void Shopfloor.Models.UserModel.UserProvider/<Delete>d__10::MoveNext()
DA:101,0
DA:102,0
DA:103,0
DA:104,0
DA:105,0
DA:106,0
DA:107,0
DA:108,0
FN:109,System.Void Shopfloor.Models.UserModel.UserProvider/<GetAll>d__11::MoveNext()
FNDA:0,System.Void Shopfloor.Models.UserModel.UserProvider/<GetAll>d__11::MoveNext()
DA:110,0
DA:111,0
DA:112,0
DA:113,0
DA:114,0
FN:115,System.Void Shopfloor.Models.UserModel.UserProvider/<GetById>d__12::MoveNext()
FNDA:0,System.Void Shopfloor.Models.UserModel.UserProvider/<GetById>d__12::MoveNext()
DA:116,0
DA:117,0
DA:118,0
DA:119,0
DA:120,0
DA:121,0
DA:122,0
DA:123,0
DA:124,0
FN:125,System.Void Shopfloor.Models.UserModel.UserProvider/<GetByUsername>d__13::MoveNext()
FNDA:0,System.Void Shopfloor.Models.UserModel.UserProvider/<GetByUsername>d__13::MoveNext()
DA:126,0
DA:127,0
DA:128,0
DA:129,0
DA:130,0
DA:131,0
DA:132,0
DA:133,0
DA:134,0
DA:135,0
DA:138,0
DA:139,0
BRDA:133,232,0,0
BRDA:133,232,1,0
FN:140,System.Void Shopfloor.Models.UserModel.UserProvider/<SetUserActive>d__14::MoveNext()
FNDA:0,System.Void Shopfloor.Models.UserModel.UserProvider/<SetUserActive>d__14::MoveNext()
DA:141,0
DA:142,0
DA:143,0
DA:144,0
DA:145,0
DA:146,0
DA:147,0
DA:148,0
DA:149,0
FN:150,System.Void Shopfloor.Models.UserModel.UserProvider/<Update>d__15::MoveNext()
FNDA:0,System.Void Shopfloor.Models.UserModel.UserProvider/<Update>d__15::MoveNext()
DA:151,0
DA:152,0
DA:153,0
DA:154,0
DA:155,0
DA:156,0
DA:157,0
DA:158,0
DA:159,0
DA:160,0
DA:161,0
DA:162,0
DA:163,0
LF:92
LH:0
BRF:8
BRH:0
FNF:9
FNH:0
end_of_record
SF:c:\Users\kryszm02\Downloads\ShopfloorWPF\Shopfloor\Models\UserModel\UserValidation.cs
FN:12,System.Void Shopfloor.Models.UserModel.UserValidation::ValidateAll()
FNDA:0,System.Void Shopfloor.Models.UserModel.UserValidation::ValidateAll()
DA:13,0
DA:14,0
DA:15,0
DA:16,0
DA:17,0
FN:18,System.Void Shopfloor.Models.UserModel.UserValidation::ValidateName()
FNDA:10,System.Void Shopfloor.Models.UserModel.UserValidation::ValidateName()
DA:19,10
DA:20,10
DA:21,10
DA:22,10
DA:23,10
DA:24,10
FN:25,System.Void Shopfloor.Models.UserModel.UserValidation::ValidateSurname()
FNDA:0,System.Void Shopfloor.Models.UserModel.UserValidation::ValidateSurname()
DA:26,0
DA:27,0
DA:28,0
DA:29,0
DA:30,0
FN:31,System.Void Shopfloor.Models.UserModel.UserValidation::ValidateUsername()
FNDA:0,System.Void Shopfloor.Models.UserModel.UserValidation::ValidateUsername()
DA:32,0
DA:33,0
DA:34,0
DA:35,0
DA:36,0
DA:37,0
FN:42,System.Void Shopfloor.Models.UserModel.UserValidation::Name_CheckCharacters(System.String,System.String)
FNDA:10,System.Void Shopfloor.Models.UserModel.UserValidation::Name_CheckCharacters(System.String,System.String)
DA:43,10
DA:44,10
DA:45,10
DA:46,3
DA:47,3
DA:48,3
DA:49,10
BRDA:45,20,0,3
BRDA:45,20,1,10
FN:50,System.Void Shopfloor.Models.UserModel.UserValidation::Name_CheckLength(System.String,System.String)
FNDA:10,System.Void Shopfloor.Models.UserModel.UserValidation::Name_CheckLength(System.String,System.String)
DA:51,10
DA:52,10
DA:53,10
DA:54,3
DA:55,3
DA:56,3
DA:57,10
BRDA:53,23,0,3
BRDA:53,23,1,10
FN:58,System.Void Shopfloor.Models.UserModel.UserValidation::Surname_CheckLength(System.String,System.String)
FNDA:0,System.Void Shopfloor.Models.UserModel.UserValidation::Surname_CheckLength(System.String,System.String)
DA:59,0
DA:60,0
DA:61,0
DA:62,0
DA:63,0
DA:64,0
DA:65,0
BRDA:61,23,0,0
BRDA:61,23,1,0
FN:66,System.Void Shopfloor.Models.UserModel.UserValidation::Username_CheckCharacters(System.String,System.String)
FNDA:0,System.Void Shopfloor.Models.UserModel.UserValidation::Username_CheckCharacters(System.String,System.String)
DA:67,0
DA:68,0
DA:69,0
DA:70,0
DA:71,0
DA:72,0
DA:73,0
BRDA:69,20,0,0
BRDA:69,20,1,0
FN:74,System.Void Shopfloor.Models.UserModel.UserValidation::Username_CheckLength(System.String,System.String)
FNDA:0,System.Void Shopfloor.Models.UserModel.UserValidation::Username_CheckLength(System.String,System.String)
DA:75,0
DA:76,0
DA:77,0
DA:78,0
DA:79,0
DA:80,0
DA:81,0
BRDA:77,18,0,0
BRDA:77,18,1,0
FN:7,System.Void Shopfloor.Models.UserModel.UserValidation::.ctor(Shopfloor.Models.UserModel.User)
FNDA:10,System.Void Shopfloor.Models.UserModel.UserValidation::.ctor(Shopfloor.Models.UserModel.User)
DA:8,10
DA:9,10
DA:10,10
DA:11,10
LF:61
LH:24
BRF:10
BRH:4
FNF:10
FNH:4
end_of_record
SF:c:\Users\kryszm02\Downloads\ShopfloorWPF\Shopfloor\Models\UserModel\Store\Combine\UserCombiner.cs
FN:13,System.Boolean Shopfloor.Models.UserModel.Store.Combine.UserCombiner::get_IsCombined()
FNDA:0,System.Boolean Shopfloor.Models.UserModel.Store.Combine.UserCombiner::get_IsCombined()
DA:14,0
FN:9,System.Void Shopfloor.Models.UserModel.Store.Combine.UserCombiner::.ctor(Shopfloor.Models.UserModel.Store.Combine.UserToRole)
FNDA:0,System.Void Shopfloor.Models.UserModel.Store.Combine.UserCombiner::.ctor(Shopfloor.Models.UserModel.Store.Combine.UserToRole)
DA:10,0
DA:11,0
DA:12,0
DA:13,0
FN:15,System.Void Shopfloor.Models.UserModel.Store.Combine.UserCombiner/<CombineAll>d__6::MoveNext()
FNDA:0,System.Void Shopfloor.Models.UserModel.Store.Combine.UserCombiner/<CombineAll>d__6::MoveNext()
DA:16,0
DA:17,0
DA:18,0
DA:19,0
DA:22,0
DA:24,0
DA:26,0
DA:27,0
DA:28,0
BRDA:17,29,0,0
BRDA:17,29,1,0
BRDA:17,45,0,0
BRDA:17,45,1,0
FN:29,System.Void Shopfloor.Models.UserModel.Store.Combine.UserCombiner/<CombineOne>d__7::MoveNext()
FNDA:0,System.Void Shopfloor.Models.UserModel.Store.Combine.UserCombiner/<CombineOne>d__7::MoveNext()
DA:30,0
DA:31,0
[...]
BRDA:100,16,1,0
FN:111,System.Windows.Input.ICommand Shopfloor.Features.Admin.Machines.MachinesListViewModel::get_MachineSelectedCommand()
FNDA:0,System.Windows.Input.ICommand Shopfloor.Features.Admin.Machines.MachinesListViewModel::get_MachineSelectedCommand()
DA:112,0
FN:112,System.Windows.Input.ICommand Shopfloor.Features.Admin.Machines.MachinesListViewModel::get_MachineSetCurrentCommand()
FNDA:0,System.Windows.Input.ICommand Shopfloor.Features.Admin.Machines.MachinesListViewModel::get_MachineSetCurrentCommand()
DA:113,0
FN:113,System.Windows.Input.ICommand Shopfloor.Features.Admin.Machines.MachinesListViewModel::get_MachineSetParentCommand()
FNDA:0,System.Windows.Input.ICommand Shopfloor.Features.Admin.Machines.MachinesListViewModel::get_MachineSetParentCommand()
DA:114,0
FN:114,System.ComponentModel.ICollectionView Shopfloor.Features.Admin.Machines.MachinesListViewModel::get_MachinesList()
FNDA:0,System.ComponentModel.ICollectionView Shopfloor.Features.Admin.Machines.MachinesListViewModel::get_MachinesList()
DA:115,0
FN:117,System.Int32 Shopfloor.Features.Admin.Machines.MachinesListViewModel::get_ParentId()
FNDA:0,System.Int32 Shopfloor.Features.Admin.Machines.MachinesListViewModel::get_ParentId()
DA:118,0
FN:119,System.Void Shopfloor.Features.Admin.Machines.MachinesListViewModel::set_ParentId(System.Int32)
FNDA:0,System.Void Shopfloor.Features.Admin.Machines.MachinesListViewModel::set_ParentId(System.Int32)
DA:120,0
DA:121,0
DA:122,0
DA:123,0
FN:126,System.String Shopfloor.Features.Admin.Machines.MachinesListViewModel::get_SapNumber()
FNDA:0,System.String Shopfloor.Features.Admin.Machines.MachinesListViewModel::get_SapNumber()
DA:127,0
FN:128,System.Void Shopfloor.Features.Admin.Machines.MachinesListViewModel::set_SapNumber(System.String)
FNDA:0,System.Void Shopfloor.Features.Admin.Machines.MachinesListViewModel::set_SapNumber(System.String)
DA:129,0
DA:130,0
DA:131,0
DA:132,0
FN:135,Shopfloor.Models.MachineModel.Machine Shopfloor.Features.Admin.Machines.MachinesListViewModel::get_SelectedMachine()
FNDA:0,Shopfloor.Models.MachineModel.Machine Shopfloor.Features.Admin.Machines.MachinesListViewModel::get_SelectedMachine()
DA:136,0
FN:137,System.Void Shopfloor.Features.Admin.Machines.MachinesListViewModel::set_SelectedMachine(Shopfloor.Models.MachineModel.Machine)
FNDA:0,System.Void Shopfloor.Features.Admin.Machines.MachinesListViewModel::set_SelectedMachine(Shopfloor.Models.MachineModel.Machine)
DA:138,0
DA:139,0
DA:140,0
DA:141,0
DA:144,0
DA:145,0
DA:146,0
DA:147,0
DA:149,0
DA:150,0
DA:151,0
DA:152,0
DA:153,0
DA:154,0
DA:156,0
DA:157,0
DA:158,0
BRDA:139,7,0,0
BRDA:139,7,1,0
BRDA:144,34,0,0
BRDA:144,34,1,0
BRDA:151,84,0,0
BRDA:151,84,1,0
BRDA:152,106,0,0
BRDA:152,106,1,0
FN:161,Shopfloor.Models.MachineModel.Machine Shopfloor.Features.Admin.Machines.MachinesListViewModel::get_SelectedParent()
FNDA:0,Shopfloor.Models.MachineModel.Machine Shopfloor.Features.Admin.Machines.MachinesListViewModel::get_SelectedParent()
DA:162,0
FN:163,System.Void Shopfloor.Features.Admin.Machines.MachinesListViewModel::set_SelectedParent(Shopfloor.Models.MachineModel.Machine)
FNDA:0,System.Void Shopfloor.Features.Admin.Machines.MachinesListViewModel::set_SelectedParent(Shopfloor.Models.MachineModel.Machine)
DA:164,0
DA:165,0
DA:166,0
DA:167,0
DA:168,0
DA:169,0
DA:170,0
DA:172,0
DA:173,0
DA:174,0
BRDA:167,25,0,0
BRDA:167,25,1,0
FN:176,System.Void Shopfloor.Features.Admin.Machines.MachinesListViewModel::AddToList(Shopfloor.Models.MachineModel.Machine)
FNDA:0,System.Void Shopfloor.Features.Admin.Machines.MachinesListViewModel::AddToList(Shopfloor.Models.MachineModel.Machine)
DA:177,0
DA:178,0
DA:179,0
DA:181,0
DA:182,0
DA:183,0
DA:184,0
DA:186,0
DA:188,0
DA:189,0
DA:190,0
DA:191,0
DA:192,0
DA:193,0
DA:194,0
DA:195,0
BRDA:181,45,0,0
BRDA:181,45,1,0
BRDA:189,162,1,0
BRDA:189,162,0,0
FN:196,System.Void Shopfloor.Features.Admin.Machines.MachinesListViewModel::UpdateList()
FNDA:0,System.Void Shopfloor.Features.Admin.Machines.MachinesListViewModel::UpdateList()
DA:197,0
DA:198,0
DA:199,0
FN:200,System.Void Shopfloor.Features.Admin.Machines.MachinesListViewModel::AddChild(Shopfloor.Models.MachineModel.Machine,System.Collections.Generic.List`1<Shopfloor.Models.MachineModel.Machine>)
FNDA:0,System.Void Shopfloor.Features.Admin.Machines.MachinesListViewModel::AddChild(Shopfloor.Models.MachineModel.Machine,System.Collections.Generic.List`1<Shopfloor.Models.MachineModel.Machine>)
DA:201,0
DA:202,0
DA:203,0
DA:204,0
DA:205,0
DA:208,0
DA:209,0
DA:210,0
DA:211,0
DA:212,0
BRDA:203,49,0,0
BRDA:203,49,1,0
FN:213,System.Void Shopfloor.Features.Admin.Machines.MachinesListViewModel::AddRoot(Shopfloor.Models.MachineModel.Machine)
FNDA:0,System.Void Shopfloor.Features.Admin.Machines.MachinesListViewModel::AddRoot(Shopfloor.Models.MachineModel.Machine)
DA:214,0
DA:215,0
DA:216,0
DA:217,0
DA:218,0
DA:219,0
FN:220,System.Boolean Shopfloor.Features.Admin.Machines.MachinesListViewModel::FilterMachines(System.Object)
FNDA:0,System.Boolean Shopfloor.Features.Admin.Machines.MachinesListViewModel::FilterMachines(System.Object)
DA:221,0
DA:222,0
DA:223,0
DA:224,0
DA:226,0
DA:227,0
BRDA:222,14,0,0
BRDA:222,14,1,0
FN:228,System.Threading.Tasks.Task Shopfloor.Features.Admin.Machines.MachinesListViewModel::LoadData()
FNDA:0,System.Threading.Tasks.Task Shopfloor.Features.Admin.Machines.MachinesListViewModel::LoadData()
DA:229,0
DA:230,0
DA:231,0
DA:232,0
DA:233,0
DA:234,0
DA:240,0
DA:242,0
DA:243,0
DA:244,0
DA:246,0
DA:247,0
DA:248,0
DA:249,0
DA:251,0
DA:252,0
DA:253,0
DA:254,0
DA:255,0
BRDA:242,127,1,0
BRDA:246,93,0,0
BRDA:246,93,1,0
BRDA:242,127,0,0
FN:262,System.Void Shopfloor.Features.Admin.Machines.MachinesListViewModel::CleanForm()
FNDA:0,System.Void Shopfloor.Features.Admin.Machines.MachinesListViewModel::CleanForm()
DA:263,0
DA:264,0
DA:265,0
DA:266,0
DA:267,0
DA:268,0
DA:269,0
DA:270,0
DA:272,0
DA:273,0
DA:274,0
DA:277,0
FN:278,System.Void Shopfloor.Features.Admin.Machines.MachinesListViewModel::ReloadData()
FNDA:0,System.Void Shopfloor.Features.Admin.Machines.MachinesListViewModel::ReloadData()
DA:279,0
DA:280,0
DA:281,0
FN:286,System.Boolean Shopfloor.Features.Admin.Machines.MachinesListViewModel::get_HasErrors()
FNDA:0,System.Boolean Shopfloor.Features.Admin.Machines.MachinesListViewModel::get_HasErrors()
DA:287,0
FN:290,System.Boolean Shopfloor.Features.Admin.Machines.MachinesListViewModel::get_IsDataValidate()
FNDA:0,System.Boolean Shopfloor.Features.Admin.Machines.MachinesListViewModel::get_IsDataValidate()
DA:291,0
DA:292,0
DA:293,0
DA:294,0
DA:295,0
BRDA:293,37,0,0
BRDA:293,37,1,0
FN:297,System.Void Shopfloor.Features.Admin.Machines.MachinesListViewModel::AddError(System.String,System.String)
FNDA:0,System.Void Shopfloor.Features.Admin.Machines.MachinesListViewModel::AddError(System.String,System.String)
DA:298,0
DA:299,0
DA:300,0
DA:301,0
DA:302,0
DA:303,0
DA:304,0
DA:305,0
DA:306,0
BRDA:299,20,0,0
BRDA:299,20,1,0
BRDA:304,45,1,0
BRDA:304,45,0,0
FN:307,System.Void Shopfloor.Features.Admin.Machines.MachinesListViewModel::ClearErrors(System.String)
FNDA:0,System.Void Shopfloor.Features.Admin.Machines.MachinesListViewModel::ClearErrors(System.String)
DA:308,0
DA:309,0
DA:310,0
DA:311,0
DA:314,0
DA:315,0
DA:316,0
DA:317,0
DA:318,0
BRDA:309,7,0,0
BRDA:309,7,1,0
BRDA:314,26,0,0
BRDA:314,26,1,0
FN:319,System.Collections.IEnumerable Shopfloor.Features.Admin.Machines.MachinesListViewModel::GetErrors(System.String)
FNDA:0,System.Collections.IEnumerable Shopfloor.Features.Admin.Machines.MachinesListViewModel::GetErrors(System.String)
DA:320,0
DA:321,0
DA:322,0
BRDA:321,9,0,0
BRDA:321,9,1,0
BRDA:321,24,0,0
BRDA:321,24,1,0
FN:323,System.Void Shopfloor.Features.Admin.Machines.MachinesListViewModel::OnErrorsChanged(System.String)
FNDA:0,System.Void Shopfloor.Features.Admin.Machines.MachinesListViewModel::OnErrorsChanged(System.String)
DA:324,0
DA:325,0
DA:326,0
DA:327,0
BRDA:325,8,0,0
BRDA:325,8,1,0
FN:28,System.Void Shopfloor.Features.Admin.Machines.MachinesListViewModel::.ctor(Shopfloor.Interfaces.IDataStore`1<Shopfloor.Models.MachineModel.Machine>,Shopfloor.Interfaces.IProvider`1<Shopfloor.Models.MachineModel.Machine>)
FNDA:0,System.Void Shopfloor.Features.Admin.Machines.MachinesListViewModel::.ctor(Shopfloor.Interfaces.IDataStore`1<Shopfloor.Models.MachineModel.Machine>,Shopfloor.Interfaces.IProvider`1<Shopfloor.Models.MachineModel.Machine>)
DA:29,0
DA:30,0
DA:31,0
DA:33,0
DA:36,0
DA:37,0
DA:38,0
DA:39,0
DA:41,0
DA:43,0
DA:44,0
DA:46,0
DA:48,0
DA:49,0
DA:50,0
DA:51,0
DA:52,0
DA:53,0
DA:54,0
DA:56,0
DA:57,0
DA:285,0
LF:206
LH:0
BRF:40
BRH:0
FNF:41
FNH:0
end_of_record
SF:c:\Users\kryszm02\Downloads\ShopfloorWPF\Shopfloor\Features\Admin\Machines\Stores\SelectedMachineStore.cs
FN:6,Shopfloor.Models.MachineModel.Machine Shopfloor.Features.Admin.Machines.Stores.SelectedMachineStore::get_SelectedMachine()
FNDA:0,Shopfloor.Models.MachineModel.Machine Shopfloor.Features.Admin.Machines.Stores.SelectedMachineStore::get_SelectedMachine()
DA:7,0
LF:1
LH:0
BRF:0
BRH:0
FNF:1
FNH:0
end_of_record
SF:c:\Users\kryszm02\Downloads\ShopfloorWPF\Shopfloor\Features\Admin\Machines\Commands\CleanFormCommand.cs
FN:14,System.Void Shopfloor.Features.Admin.Machines.Commands.CleanFormCommand::Execute(System.Object)
FNDA:0,System.Void Shopfloor.Features.Admin.Machines.Commands.CleanFormCommand::Execute(System.Object)
DA:15,0
DA:16,0
DA:17,0
FN:8,System.Void Shopfloor.Features.Admin.Machines.Commands.CleanFormCommand::.ctor(Shopfloor.Features.Admin.Machines.MachinesListViewModel)
FNDA:0,System.Void Shopfloor.Features.Admin.Machines.Commands.CleanFormCommand::.ctor(Shopfloor.Features.Admin.Machines.MachinesListViewModel)
DA:9,0
DA:10,0
DA:11,0
DA:12,0
LF:7
LH:0
BRF:0
BRH:0
FNF:2
FNH:0
end_of_record
SF:c:\Users\kryszm02\Downloads\ShopfloorWPF\Shopfloor\Features\Admin\Machines\Commands\MachineAddCommand.cs
FN:16,System.Void Shopfloor.Features.Admin.Machines.Commands.MachineAddCommand::Execute(System.Object)
FNDA:0,System.Void Shopfloor.Features.Admin.Machines.Commands.MachineAddCommand::Execute(System.Object)
DA:17,0
DA:18,0
DA:20,0
DA:21,0
DA:22,0
DA:23,0
DA:24,0
DA:25,0
DA:26,0
DA:27,0
DA:29,0
DA:30,0
DA:31,0
DA:34,0
DA:35,0
DA:36,0
DA:37,0
DA:39,0
BRDA:18,13,0,0
BRDA:18,13,1,0
BRDA:29,125,0,0
BRDA:29,125,1,0
FN:10,System.Void Shopfloor.Features.Admin.Machines.Commands.MachineAddCommand::.ctor(Shopfloor.Features.Admin.Machines.MachinesListViewModel,Shopfloor.Interfaces.IProvider`1<Shopfloor.Models.MachineModel.Machine>)
FNDA:0,System.Void Shopfloor.Features.Admin.Machines.Commands.MachineAddCommand::.ctor(Shopfloor.Features.Admin.Machines.MachinesListViewModel,Shopfloor.Interfaces.IProvider`1<Shopfloor.Models.MachineModel.Machine>)
DA:11,0
DA:12,0
DA:13,0
DA:14,0
DA:15,0
LF:23
LH:0
BRF:4
BRH:0
FNF:2
FNH:0
end_of_record
SF:c:\Users\kryszm02\Downloads\ShopfloorWPF\Shopfloor\Features\Admin\Machines\Commands\MachineDeleteCommand.cs
FN:7,System.Void Shopfloor.Features.Admin.Machines.Commands.MachineDeleteCommand::Execute(System.Object)
FNDA:0,System.Void Shopfloor.Features.Admin.Machines.Commands.MachineDeleteCommand::Execute(System.Object)
DA:8,0
DA:9,0
LF:2
LH:0
BRF:0
BRH:0
FNF:1
FNH:0
end_of_record
SF:c:\Users\kryszm02\Downloads\ShopfloorWPF\Shopfloor\Features\Admin\Machines\Commands\MachineEditCommand.cs
FN:18,System.Void Shopfloor.Features.Admin.Machines.Commands.MachineEditCommand::Execute(System.Object)
FNDA:0,System.Void Shopfloor.Features.Admin.Machines.Commands.MachineEditCommand::Execute(System.Object)
DA:19,0
DA:20,0
DA:21,0
DA:22,0
DA:23,0
DA:26,0
DA:27,0
DA:28,0
DA:31,0
DA:33,0
DA:34,0
DA:35,0
DA:36,0
DA:37,0
DA:38,0
DA:39,0
DA:40,0
DA:41,0
DA:43,0
DA:44,0
DA:45,0
DA:48,0
DA:49,0
DA:50,0
DA:51,0
DA:52,0
BRDA:21,19,0,0
BRDA:21,19,1,0
BRDA:26,54,0,0
BRDA:26,54,1,0
BRDA:31,74,0,0
BRDA:31,74,1,0
BRDA:43,223,0,0
BRDA:43,223,1,0
FN:11,System.Void Shopfloor.Features.Admin.Machines.Commands.MachineEditCommand::.ctor(Shopfloor.Features.Admin.Machines.MachinesListViewModel,Shopfloor.Interfaces.IProvider`1<Shopfloor.Models.MachineModel.Machine>)
FNDA:0,System.Void Shopfloor.Features.Admin.Machines.Commands.MachineEditCommand::.ctor(Shopfloor.Features.Admin.Machines.MachinesListViewModel,Shopfloor.Interfaces.IProvider`1<Shopfloor.Models.MachineModel.Machine>)
DA:12,0
DA:13,0
DA:14,0
DA:15,0
DA:16,0
LF:31
LH:0
BRF:8
BRH:0
FNF:2
FNH:0
end_of_record
SF:c:\Users\kryszm02\Downloads\ShopfloorWPF\Shopfloor\Features\Admin\Machines\Commands\MachineSelectedCommand.cs
FN:7,System.Void Shopfloor.Features.Admin.Machines.Commands.MachineSelectedCommand::Execute(System.Object)
FNDA:0,System.Void Shopfloor.Features.Admin.Machines.Commands.MachineSelectedCommand::Execute(System.Object)
DA:8,0
DA:12,0
LF:2
LH:0
BRF:0
BRH:0
FNF:1
FNH:0
end_of_record
SF:c:\Users\kryszm02\Downloads\ShopfloorWPF\Shopfloor\Features\Admin\Machines\Commands\MachineSetCurrentCommand.cs
FN:17,System.Void Shopfloor.Features.Admin.Machines.Commands.MachineSetCurrentCommand::Execute(System.Object)
FNDA:0,System.Void Shopfloor.Features.Admin.Machines.Commands.MachineSetCurrentCommand::Execute(System.Object)
DA:18,0
DA:19,0
DA:20,0
DA:21,0
DA:24,0
DA:25,0
DA:26,0
DA:29,0
DA:30,0
DA:33,0
DA:34,0
DA:35,0
DA:36,0
DA:37,0
DA:39,0
DA:40,0
DA:42,0
BRDA:19,13,0,0
BRDA:19,13,1,0
BRDA:24,35,0,0
BRDA:24,35,1,0
BRDA:33,100,0,0
BRDA:33,100,1,0
FN:11,System.Void Shopfloor.Features.Admin.Machines.Commands.MachineSetCurrentCommand::.ctor(Shopfloor.Features.Admin.Machines.MachinesListViewModel)
FNDA:0,System.Void Shopfloor.Features.Admin.Machines.Commands.MachineSetCurrentCommand::.ctor(Shopfloor.Features.Admin.Machines.MachinesListViewModel)
DA:12,0
DA:13,0
DA:14,0
DA:15,0
LF:21
LH:0
BRF:6
BRH:0
FNF:2
FNH:0
end_of_record
SF:c:\Users\kryszm02\Downloads\ShopfloorWPF\Shopfloor\Features\Admin\Machines\Commands\MachineSetParentCommand.cs
FN:15,System.Void Shopfloor.Features.Admin.Machines.Commands.MachineSetParentCommand::Execute(System.Object)
FNDA:0,System.Void Shopfloor.Features.Admin.Machines.Commands.MachineSetParentCommand::Execute(System.Object)
DA:16,0
DA:17,0
DA:18,0
DA:19,0
DA:22,0
DA:23,0
DA:24,0
DA:27,0
DA:29,0
DA:30,0
DA:31,0
BRDA:17,7,0,0
BRDA:17,7,1,0
BRDA:22,26,0,0
BRDA:22,26,1,0
FN:9,System.Void Shopfloor.Features.Admin.Machines.Commands.MachineSetParentCommand::.ctor(Shopfloor.Features.Admin.Machines.MachinesListViewModel)
FNDA:0,System.Void Shopfloor.Features.Admin.Machines.Commands.MachineSetParentCommand::.ctor(Shopfloor.Features.Admin.Machines.MachinesListViewModel)
DA:10,0
DA:11,0
DA:12,0
DA:13,0
LF:15
LH:0
BRF:4
BRH:0
FNF:2
FNH:0
end_of_record
SF:c:\Users\kryszm02\Downloads\ShopfloorWPF\Shopfloor\Database\DatabaseConnectionFactory.cs
FN:21,System.String Shopfloor.Database.DatabaseConnectionFactory::get_DatabaseType()
FNDA:1,System.String Shopfloor.Database.DatabaseConnectionFactory::get_DatabaseType()
DA:22,1
FN:23,System.Data.Common.DbConnection Shopfloor.Database.DatabaseConnectionFactory::Connect()
FNDA:2,System.Data.Common.DbConnection Shopfloor.Database.DatabaseConnectionFactory::Connect()
DA:24,2
DA:27,2
DA:30,1
DA:31,1
DA:32,1
DA:35,1
DA:37,1
DA:38,1
BRDA:27,21,1,1
BRDA:30,42,0,0
BRDA:30,42,1,1
BRDA:27,21,0,1
FN:39,System.Void Shopfloor.Database.DatabaseConnectionFactory::Dispose()
FNDA:0,System.Void Shopfloor.Database.DatabaseConnectionFactory::Dispose()
DA:40,0
DA:41,0
DA:42,0
DA:43,0
DA:44,0
DA:45,0
DA:46,0
BRDA:41,12,0,0
BRDA:41,12,1,0
FN:16,System.Void Shopfloor.Database.DatabaseConnectionFactory::.ctor(Microsoft.Extensions.Configuration.IConfiguration)
FNDA:3,System.Void Shopfloor.Database.DatabaseConnectionFactory::.ctor(Microsoft.Extensions.Configuration.IConfiguration)
DA:17,3
DA:18,3
DA:19,3
DA:20,3
DA:21,3
BRDA:20,33,0,0
BRDA:20,33,1,3
LF:21
LH:14
BRF:8
BRH:4
FNF:4
FNH:3
end_of_record
SF:c:\Users\kryszm02\Downloads\ShopfloorWPF\Shopfloor\Database\Initializers\SqliteInitCommands.cs
FN:258,System.Collections.Generic.List`1<System.String> Shopfloor.Database.SQLite.SqliteInitCommands::get_InitCommands()
FNDA:1,System.Collections.Generic.List`1<System.String> Shopfloor.Database.SQLite.SqliteInitCommands::get_InitCommands()
DA:259,1
FN:227,System.Void Shopfloor.Database.SQLite.SqliteInitCommands::.ctor()
FNDA:1,System.Void Shopfloor.Database.SQLite.SqliteInitCommands::.ctor()
DA:228,1
DA:229,1
DA:230,1
DA:231,1
DA:232,1
DA:233,1
DA:234,1
DA:235,1
DA:236,1
DA:237,1
DA:238,1
DA:239,1
DA:240,1
DA:241,1
DA:242,1
DA:243,1
DA:244,1
DA:245,1
DA:246,1
DA:247,1
DA:248,1
DA:249,1
DA:250,1
DA:251,1
DA:252,1
DA:253,1
DA:254,1
DA:255,1
DA:256,1
DA:257,1
DA:258,1
LF:32
LH:32
BRF:0
BRH:0
FNF:2
FNH:2
end_of_record
SF:c:\Users\kryszm02\Downloads\ShopfloorWPF\Shopfloor\Database\Initializers\DatabaseInitializerFactory.cs
FN:17,Shopfloor.Database.Initializers.IDatabaseInitializer Shopfloor.Database.Initializers.DatabaseInitializerFactory::CreateInitializer()
FNDA:0,Shopfloor.Database.Initializers.IDatabaseInitializer Shopfloor.Database.Initializers.DatabaseInitializerFactory::CreateInitializer()
DA:18,0
DA:19,0
DA:20,0
DA:21,0
DA:22,0
DA:23,0
DA:24,0
BRDA:19,28,1,0
BRDA:21,50,0,0
BRDA:21,50,1,0
BRDA:19,28,0,0
FN:10,System.Void Shopfloor.Database.Initializers.DatabaseInitializerFactory::.ctor(Shopfloor.Database.Configuration.DatabaseConfiguration,System.Data.IDbConnection)
FNDA:0,System.Void Shopfloor.Database.Initializers.DatabaseInitializerFactory::.ctor(Shopfloor.Database.Configuration.DatabaseConfiguration,System.Data.IDbConnection)
DA:11,0
DA:12,0
DA:13,0
DA:14,0
DA:15,0
LF:12
LH:0
BRF:4
BRH:0
FNF:2
FNH:0
end_of_record
SF:c:\Users\kryszm02\Downloads\ShopfloorWPF\Shopfloor\Database\Initializers\SQLiteDatabaseInitializer.cs
FN:19,System.Void Shopfloor.Database.Initializers.SQLiteDatabaseInitializer::CreateDatabase()
FNDA:0,System.Void Shopfloor.Database.Initializers.SQLiteDatabaseInitializer::CreateDatabase()
DA:20,0
DA:21,0
DA:22,0
DA:23,0
DA:24,0
DA:25,0
BRDA:21,70,1,0
BRDA:21,70,0,0
FN:26,System.Void Shopfloor.Database.Initializers.SQLiteDatabaseInitializer::Initialize()
FNDA:0,System.Void Shopfloor.Database.Initializers.SQLiteDatabaseInitializer::Initialize()
DA:27,0
DA:28,0
DA:29,0
DA:30,0
DA:31,0
DA:32,0
DA:33,0
DA:35,0
DA:36,0
DA:37,0
BRDA:30,25,0,0
BRDA:30,25,1,0
FN:12,System.Void Shopfloor.Database.Initializers.SQLiteDatabaseInitializer::.ctor(System.Data.IDbConnection,System.String)
FNDA:0,System.Void Shopfloor.Database.Initializers.SQLiteDatabaseInitializer::.ctor(System.Data.IDbConnection,System.String)
DA:13,0
DA:14,0
DA:15,0
DA:16,0
DA:17,0
LF:21
LH:0
BRF:4
BRH:0
FNF:3
FNH:0
end_of_record
SF:c:\Users\kryszm02\Downloads\ShopfloorWPF\Shopfloor\Database\DatabaseConfiguration.cs
FN:4,System.String Shopfloor.Database.Configuration.DatabaseConfiguration::get_Type()
FNDA:0,System.String Shopfloor.Database.Configuration.DatabaseConfiguration::get_Type()
DA:5,0
FN:5,System.String Shopfloor.Database.Configuration.DatabaseConfiguration::get_ConnectionString()
FNDA:0,System.String Shopfloor.Database.Configuration.DatabaseConfiguration::get_ConnectionString()
DA:6,0
FN:6,System.String Shopfloor.Database.Configuration.DatabaseConfiguration::get_Path()
FNDA:0,System.String Shopfloor.Database.Configuration.DatabaseConfiguration::get_Path()
DA:7,0
LF:3
LH:0
BRF:0
BRH:0
FNF:3
FNH:0
end_of_record
SF:c:\Users\kryszm02\Downloads\ShopfloorWPF\Shopfloor\Converters\BooleanReverseConverter.cs
FN:9,System.Object Shopfloor.Converters.BooleanReverseConverter::Convert(System.Object,System.Type,System.Object,System.Globalization.CultureInfo)
FNDA:3,System.Object Shopfloor.Converters.BooleanReverseConverter::Convert(System.Object,System.Type,System.Object,System.Globalization.CultureInfo)
DA:10,3
DA:11,3
DA:12,2
DA:13,2
DA:16,1
DA:17,3
BRDA:11,7,0,2
BRDA:11,7,1,1
BRDA:11,22,0,2
BRDA:11,22,1,1
FN:18,System.Object Shopfloor.Converters.BooleanReverseConverter::ConvertBack(System.Object,System.Type,System.Object,System.Globalization.CultureInfo)
FNDA:1,System.Object Shopfloor.Converters.BooleanReverseConverter::ConvertBack(System.Object,System.Type,System.Object,System.Globalization.CultureInfo)
DA:19,1
DA:20,1
LF:8
LH:8
BRF:4
BRH:4
FNF:2
FNH:2
end_of_record